<?xml version="1.0" encoding="utf-8"?><testsuites name="pytest tests"><testsuite name="pytest" errors="0" failures="0" skipped="0" tests="7" time="0.816" timestamp="2026-07-01T10:21:08.905414+00:00" hostname="agent-env-c040ae5c-9140-48b6-9ddc-4fca9215fbfc"><testcase classname="backend.tests.test_facebook_flow" name="test_diagnose_returns_structured_response" time="0.442" /><testcase classname="backend.tests.test_facebook_flow" name="test_webhook_get_verification_success" time="0.047" /><testcase classname="backend.tests.test_facebook_flow" name="test_webhook_get_verification_wrong_token" time="0.002" /><testcase classname="backend.tests.test_facebook_flow" name="test_webhook_post_rejects_invalid_signature" time="0.002" /><testcase classname="backend.tests.test_facebook_flow" name="test_webhook_post_missing_signature" time="0.002" /><testcase classname="backend.tests.test_facebook_flow" name="test_webhook_post_valid_signature_graceful" time="0.154" /><testcase classname="backend.tests.test_facebook_flow" name="test_admin_facebook_test_creates_lead" time="0.139" /></testsuite></testsuites>