<?xml version="1.0" encoding="utf-8"?><testsuites name="pytest tests"><testsuite name="pytest" errors="0" failures="0" skipped="0" tests="5" time="26.123" timestamp="2026-07-10T20:04:15.452608+00:00" hostname="agent-env-7138c0ff-c308-40e8-9c9f-3afecde64cef"><testcase classname="tests.test_iter51_sync_backfill.TestOdooMappingProof" name="test_transform_lead_kamlesh" time="3.537" /><testcase classname="tests.test_iter51_sync_backfill.TestSinceOverride" name="test_since_override_far_future" time="13.008" /><testcase classname="tests.test_iter51_sync_backfill.TestSinceOverride" name="test_no_override_auto_since" time="9.352" /><testcase classname="tests.test_iter51_sync_backfill.TestLeadsRegression" name="test_pipeline_bucket" time="0.140" /><testcase classname="tests.test_iter51_sync_backfill.TestLeadsRegression" name="test_search_phone" time="0.051" /></testsuite></testsuites>