<?xml version="1.0" encoding="utf-8"?><testsuites name="pytest tests"><testsuite name="pytest" errors="0" failures="1" skipped="0" tests="8" time="1.926" timestamp="2026-07-23T12:58:29.071171+00:00" hostname="agent-env-2482d67c-d799-43c4-b63e-b85fd022c678"><testcase classname="backend.tests.test_iter67_caller_default_scope" name="test_caller_default_scoped_own_book" time="0.627" /><testcase classname="backend.tests.test_iter67_caller_default_scope" name="test_caller_scope_all_returns_all" time="0.168" /><testcase classname="backend.tests.test_iter67_caller_default_scope" name="test_caller_search_global_spans_buckets" time="0.116" /><testcase classname="backend.tests.test_iter67_caller_default_scope" name="test_caller_colleague_filter" time="0.112" /><testcase classname="backend.tests.test_iter67_caller_default_scope" name="test_admin_default_all_leads" time="0.443" /><testcase classname="backend.tests.test_iter67_caller_default_scope" name="test_group_counts_fast" time="0.115" /><testcase classname="backend.tests.test_iter67_caller_default_scope" name="test_original_user_id_locked_and_stripped" time="0.206"><failure message="AssertionError: {&quot;detail&quot;:[{&quot;type&quot;:&quot;missing&quot;,&quot;loc&quot;:[&quot;body&quot;,&quot;updates&quot;],&quot;msg&quot;:&quot;Field required&quot;,&quot;input&quot;:{&quot;user_id&quot;:8,&quot;original_user_id&quot;:8,&quot;city&quot;:&quot;Jaipur-QA67&quot;},&quot;url&quot;:&quot;https://errors.pydantic.dev/2.13/v/missing&quot;}]}&#10;assert 422 == 200&#10; +  where 422 = &lt;Response [422]&gt;.status_code">backend/tests/test_iter67_caller_default_scope.py:130: in test_original_user_id_locked_and_stripped
    assert r.status_code == 200, r.text[:300]
E   AssertionError: {"detail":[{"type":"missing","loc":["body","updates"],"msg":"Field required","input":{"user_id":8,"original_user_id":8,"city":"Jaipur-QA67"},"url":"https://errors.pydantic.dev/2.13/v/missing"}]}
E   assert 422 == 200
E    +  where 422 = &lt;Response [422]&gt;.status_code</failure></testcase><testcase classname="backend.tests.test_iter67_caller_default_scope" name="test_audit_log_shows_edit_by_himani" time="0.104" /></testsuite></testsuites>