<?xml version="1.0" encoding="utf-8"?><testsuites name="pytest tests"><testsuite name="pytest" errors="0" failures="0" skipped="0" tests="7" time="5.667" timestamp="2026-07-03T10:48:58.302188+00:00" hostname="agent-env-5c0f59a5-4b5e-4761-ad29-a9eab031176c"><testcase classname="backend.tests.test_iter19_fb_recent_leads" name="test_recent_leads_requires_auth" time="0.224" /><testcase classname="backend.tests.test_iter19_fb_recent_leads" name="test_recent_leads_shape_and_sort" time="0.605" /><testcase classname="backend.tests.test_iter19_fb_recent_leads" name="test_recent_leads_only_facebook" time="0.770" /><testcase classname="backend.tests.test_iter19_fb_recent_leads" name="test_fb_test_lead_appears_in_admin_list_and_by_source_filter" time="1.085" /><testcase classname="backend.tests.test_iter19_fb_recent_leads" name="test_diagnose_still_has_five_checks_and_recent_deliveries" time="2.355" /><testcase classname="backend.tests.test_iter19_fb_recent_leads" name="test_webhook_log_endpoint" time="0.489" /><testcase classname="backend.tests.test_iter19_fb_recent_leads" name="test_invalid_signature_webhook_rejected" time="0.097" /></testsuite></testsuites>