<?xml version="1.0" encoding="utf-8"?><testsuites name="pytest tests"><testsuite name="pytest" errors="0" failures="0" skipped="0" tests="14" time="5.055" timestamp="2026-07-06T20:27:31.175286+00:00" hostname="agent-env-d8354e50-fc5d-49e3-8b01-d1cc877cf241"><testcase classname="backend.tests.test_iter26_wa_tracking.TestTemplates" name="test_list_whatsapp" time="0.489" /><testcase classname="backend.tests.test_iter26_wa_tracking.TestTemplates" name="test_create_draft" time="0.060" /><testcase classname="backend.tests.test_iter26_wa_tracking.TestTemplates" name="test_get_single" time="0.070" /><testcase classname="backend.tests.test_iter26_wa_tracking.TestTemplates" name="test_patch_new_fields" time="0.108" /><testcase classname="backend.tests.test_iter26_wa_tracking.TestWaTracking" name="test_send_whatsapp_records_tracking" time="0.894" /><testcase classname="backend.tests.test_iter26_wa_tracking.TestWaTracking" name="test_lead_messages" time="1.065" /><testcase classname="backend.tests.test_iter26_wa_tracking.TestWaTracking" name="test_template_summary" time="0.060" /><testcase classname="backend.tests.test_iter26_wa_tracking.TestWaTracking" name="test_template_messages" time="0.054" /><testcase classname="backend.tests.test_iter26_wa_tracking.TestWaTracking" name="test_message_detail_with_flow" time="0.066" /><testcase classname="backend.tests.test_iter26_wa_tracking.TestWebhookStatus" name="test_webhook_delivered" time="1.259" /><testcase classname="backend.tests.test_iter26_wa_tracking.TestRegression" name="test_caller_export_403" time="0.373" /><testcase classname="backend.tests.test_iter26_wa_tracking.TestRegression" name="test_admin_reports_dashboard_ok" time="0.406" /><testcase classname="backend.tests.test_iter26_wa_tracking.TestRegression" name="test_followups_crud" time="0.054" /><testcase classname="backend.tests.test_iter26_wa_tracking.TestRegression" name="test_gmail_authurl_error_path" time="0.054" /></testsuite></testsuites>