<?xml version="1.0" encoding="utf-8"?><testsuites name="pytest tests"><testsuite name="pytest" errors="0" failures="0" skipped="0" tests="18" time="19.108" timestamp="2026-06-11T13:52:02.319821+00:00" hostname="agent-env-e2b2dfa6-3d43-43cf-bb96-b2cd915d11ba"><testcase classname="tests.test_reports_v2" name="test_pivot_new_shape_col_keys_objects" time="0.785" /><testcase classname="tests.test_reports_v2" name="test_pivot_with_filters" time="0.074" /><testcase classname="tests.test_reports_v2" name="test_pivot_two_row_dims_with_children" time="0.234" /><testcase classname="tests.test_reports_v2" name="test_trends_day" time="0.087" /><testcase classname="tests.test_reports_v2" name="test_trends_week" time="0.238" /><testcase classname="tests.test_reports_v2" name="test_trends_month" time="0.220" /><testcase classname="tests.test_reports_v2" name="test_trends_invalid_granularity" time="0.056" /><testcase classname="tests.test_reports_v2" name="test_heatmap_dow_hour" time="0.164" /><testcase classname="tests.test_reports_v2" name="test_heatmap_caller_day" time="0.070" /><testcase classname="tests.test_reports_v2" name="test_heatmap_invalid_type" time="0.048" /><testcase classname="tests.test_reports_v2" name="test_leads_sort_asc" time="0.203" /><testcase classname="tests.test_reports_v2" name="test_leads_sort_desc" time="0.212" /><testcase classname="tests.test_reports_v2" name="test_leads_sort_by_name" time="0.188" /><testcase classname="tests.test_reports_v2" name="test_leads_filter_follow_up_tag" time="0.274" /><testcase classname="tests.test_reports_v2" name="test_leads_filter_lost_reason_id" time="0.161" /><testcase classname="tests.test_reports_v2" name="test_migration_audit_runs" time="15.568" /><testcase classname="tests.test_reports_v2" name="test_migration_audit_persisted" time="0.052" /><testcase classname="tests.test_reports_v2" name="test_migration_audit_caller_forbidden" time="0.421" /></testsuite></testsuites>