<?xml version="1.0" encoding="utf-8"?><testsuites name="pytest tests"><testsuite name="pytest" errors="0" failures="0" skipped="0" tests="14" time="8.619" timestamp="2026-06-26T21:02:49.768390+00:00" hostname="agent-env-c040ae5c-9140-48b6-9ddc-4fca9215fbfc"><testcase classname="tests.test_iter8_new_features.TestBearerAuth" name="test_admin_login_returns_flat_token" time="0.557" /><testcase classname="tests.test_iter8_new_features.TestBearerAuth" name="test_agent_login_with_bearer_only" time="0.441" /><testcase classname="tests.test_iter8_new_features.TestBearerAuth" name="test_invalid_token_rejected" time="0.103" /><testcase classname="tests.test_iter8_new_features.TestExport" name="test_export_leads_xlsx" time="2.083" /><testcase classname="tests.test_iter8_new_features.TestExport" name="test_export_report_pdf" time="0.164" /><testcase classname="tests.test_iter8_new_features.TestExport" name="test_export_requires_auth" time="0.103" /><testcase classname="tests.test_iter8_new_features.TestAttachments" name="test_upload_list_download_delete" time="0.999" /><testcase classname="tests.test_iter8_new_features.TestMarketing" name="test_create_count_send_delete_campaign" time="1.572" /><testcase classname="tests.test_iter8_new_features.TestMarketing" name="test_email_campaign_queues" time="1.557" /><testcase classname="tests.test_iter8_new_features.TestTemplatePersistence" name="test_wa_template_name_and_lang_persist" time="0.199" /><testcase classname="tests.test_iter8_new_features.TestNewUnassignedLabel" name="test_dashboard_by_stage_no_undefined" time="0.534" /><testcase classname="tests.test_iter8_new_features.TestNewUnassignedLabel" name="test_pivot_lead_stage_relabel" time="0.134" /><testcase classname="tests.test_iter8_new_features.TestNewUnassignedLabel" name="test_trends_relabel" time="0.068" /><testcase classname="tests.test_iter8_new_features.TestLeadCalls" name="test_calls_list_for_lead" time="0.052" /></testsuite></testsuites>