<?xml version="1.0" encoding="utf-8"?><testsuites name="pytest tests"><testsuite name="pytest" errors="0" failures="0" skipped="0" tests="9" time="2.525" timestamp="2026-07-02T10:26:51.811500+00:00" hostname="agent-env-c463b239-b8e8-4e88-ab63-f58daabe24c7"><testcase classname="backend.tests.test_iter13_facebook_webhook_registration" name="test_diagnose_live_all_checks_ok" time="1.108" /><testcase classname="backend.tests.test_iter13_facebook_webhook_registration" name="test_register_webhook_success" time="0.344" /><testcase classname="backend.tests.test_iter13_facebook_webhook_registration" name="test_register_webhook_rejects_non_https" time="0.045" /><testcase classname="backend.tests.test_iter13_facebook_webhook_registration" name="test_admin_facebook_test_creates_lead" time="0.160" /><testcase classname="backend.tests.test_iter13_facebook_webhook_registration" name="test_diagnose_requires_auth" time="0.145" /><testcase classname="backend.tests.test_iter13_facebook_webhook_registration" name="test_register_webhook_requires_auth" time="0.094" /><testcase classname="backend.tests.test_iter13_facebook_webhook_registration" name="test_register_webhook_forbidden_for_caller" time="0.403" /><testcase classname="backend.tests.test_iter13_facebook_webhook_registration" name="test_webhook_verify_success" time="0.093" /><testcase classname="backend.tests.test_iter13_facebook_webhook_registration" name="test_webhook_verify_wrong_token" time="0.096" /></testsuite></testsuites>