<?xml version="1.0" encoding="utf-8"?><testsuites name="pytest tests"><testsuite name="pytest" errors="0" failures="0" skipped="0" tests="11" time="7.000" timestamp="2026-07-04T07:17:15.164515+00:00" hostname="agent-env-5c0f59a5-4b5e-4761-ad29-a9eab031176c"><testcase classname="backend.tests.test_iter22_fb_name_mapping" name="test_first_plus_last_name" time="0.588" /><testcase classname="backend.tests.test_iter22_fb_name_mapping" name="test_spaced_full_name_key" time="0.110" /><testcase classname="backend.tests.test_iter22_fb_name_mapping" name="test_only_first_name" time="0.105" /><testcase classname="backend.tests.test_iter22_fb_name_mapping" name="test_standard_full_name" time="0.111" /><testcase classname="backend.tests.test_iter22_fb_name_mapping" name="test_no_name_fallback_to_phone" time="0.104" /><testcase classname="backend.tests.test_iter22_fb_name_mapping" name="test_custom_question_preserved" time="0.126" /><testcase classname="backend.tests.test_iter22_fb_name_mapping" name="test_regression_metadata" time="0.099" /><testcase classname="backend.tests.test_iter22_fb_name_mapping" name="test_recent_leads_endpoint" time="3.439" /><testcase classname="backend.tests.test_iter22_fb_name_mapping" name="test_diagnose_endpoint" time="1.846" /><testcase classname="backend.tests.test_iter22_fb_name_mapping" name="test_invalid_signature_webhook_returns_401" time="0.124" /><testcase classname="backend.tests.test_iter22_fb_name_mapping" name="test_backend_healthy" time="0.327" /></testsuite></testsuites>