<?xml version="1.0" encoding="utf-8"?><testsuites name="pytest tests"><testsuite name="pytest" errors="0" failures="4" skipped="0" tests="50" time="35.730" timestamp="2026-06-12T15:41:29.457755+00:00" hostname="agent-env-e2b2dfa6-3d43-43cf-bb96-b2cd915d11ba"><testcase classname="tests.test_homeivf_api" name="test_health" time="0.145" /><testcase classname="tests.test_homeivf_api" name="test_login_wrong_password" time="0.323" /><testcase classname="tests.test_homeivf_api" name="test_login_admin_success_and_cookies" time="0.365" /><testcase classname="tests.test_homeivf_api" name="test_auth_me" time="0.365" /><testcase classname="tests.test_homeivf_api" name="test_auth_me_unauth" time="0.107" /><testcase classname="tests.test_homeivf_api" name="test_leads_list_admin_sees_all" time="0.207" /><testcase classname="tests.test_homeivf_api" name="test_leads_pagination" time="0.399" /><testcase classname="tests.test_homeivf_api" name="test_leads_filter_lead_stage_converted" time="0.094" /><testcase classname="tests.test_homeivf_api" name="test_leads_filter_lost" time="0.045" /><testcase classname="tests.test_homeivf_api" name="test_leads_search_by_name" time="0.325" /><testcase classname="tests.test_homeivf_api" name="test_leads_search_by_phone" time="0.474" /><testcase classname="tests.test_homeivf_api" name="test_group_counts_lead_stage" time="0.178" /><testcase classname="tests.test_homeivf_api" name="test_group_counts_tags" time="0.215" /><testcase classname="tests.test_homeivf_api" name="test_group_counts_user" time="0.208" /><testcase classname="tests.test_homeivf_api" name="test_create_lead_persisted_and_retrievable" time="0.410" /><testcase classname="tests.test_homeivf_api" name="test_update_lead_stage_and_chatter_logs" time="0.132" /><testcase classname="tests.test_homeivf_api" name="test_mark_lost_and_restore" time="0.181" /><testcase classname="tests.test_homeivf_api" name="test_bulk_assign" time="0.172" /><testcase classname="tests.test_homeivf_api" name="test_post_note_appears" time="0.090" /><testcase classname="tests.test_homeivf_api" name="test_schedule_and_mark_done_activity" time="0.102" /><testcase classname="tests.test_homeivf_api" name="test_reports_dashboard" time="0.461" /><testcase classname="tests.test_homeivf_api" name="test_reports_pivot" time="0.236" /><testcase classname="tests.test_homeivf_api" name="test_catalogs_lead_stage" time="0.060" /><testcase classname="tests.test_homeivf_api" name="test_catalogs_tag_list" time="0.064" /><testcase classname="tests.test_homeivf_api" name="test_catalog_create_tag" time="0.052" /><testcase classname="tests.test_homeivf_api" name="test_templates_list_whatsapp" time="0.064" /><testcase classname="tests.test_homeivf_api" name="test_templates_list_email" time="0.089" /><testcase classname="tests.test_homeivf_api" name="test_whatsapp_channels_list" time="0.073" /><testcase classname="tests.test_homeivf_api" name="test_admin_users_list" time="0.048" /><testcase classname="tests.test_homeivf_api" name="test_webhook_create_and_post_creates_lead" time="0.303" /><testcase classname="tests.test_homeivf_api" name="test_caller_sees_only_own_leads" time="0.743" /><testcase classname="tests.test_homeivf_api" name="test_caller_cannot_bulk" time="0.094" /><testcase classname="tests.test_reports_v2" name="test_pivot_new_shape_col_keys_objects" time="0.224" /><testcase classname="tests.test_reports_v2" name="test_pivot_with_filters" time="0.069" /><testcase classname="tests.test_reports_v2" name="test_pivot_two_row_dims_with_children" time="0.225" /><testcase classname="tests.test_reports_v2" name="test_trends_day" time="0.076"><failure message="AssertionError: Internal Server Error&#10;assert 500 == 200&#10; +  where 500 = &lt;Response [500]&gt;.status_code">E   AssertionError: Internal Server Error
    assert 500 == 200
     +  where 500 = &lt;Response [500]&gt;.status_code</failure></testcase><testcase classname="tests.test_reports_v2" name="test_trends_week" time="0.230"><failure message="assert 500 == 200&#10; +  where 500 = &lt;Response [500]&gt;.status_code">E   assert 500 == 200
     +  where 500 = &lt;Response [500]&gt;.status_code</failure></testcase><testcase classname="tests.test_reports_v2" name="test_trends_month" time="0.215"><failure message="assert 500 == 200&#10; +  where 500 = &lt;Response [500]&gt;.status_code">E   assert 500 == 200
     +  where 500 = &lt;Response [500]&gt;.status_code</failure></testcase><testcase classname="tests.test_reports_v2" name="test_trends_invalid_granularity" time="0.046" /><testcase classname="tests.test_reports_v2" name="test_heatmap_dow_hour" time="0.157" /><testcase classname="tests.test_reports_v2" name="test_heatmap_caller_day" time="0.060"><failure message="assert 500 == 200&#10; +  where 500 = &lt;Response [500]&gt;.status_code">E   assert 500 == 200
     +  where 500 = &lt;Response [500]&gt;.status_code</failure></testcase><testcase classname="tests.test_reports_v2" name="test_heatmap_invalid_type" time="0.049" /><testcase classname="tests.test_reports_v2" name="test_leads_sort_asc" time="0.167" /><testcase classname="tests.test_reports_v2" name="test_leads_sort_desc" time="0.205" /><testcase classname="tests.test_reports_v2" name="test_leads_sort_by_name" time="0.182" /><testcase classname="tests.test_reports_v2" name="test_leads_filter_follow_up_tag" time="0.267" /><testcase classname="tests.test_reports_v2" name="test_leads_filter_lost_reason_id" time="0.135" /><testcase classname="tests.test_reports_v2" name="test_migration_audit_runs" time="26.447" /><testcase classname="tests.test_reports_v2" name="test_migration_audit_persisted" time="0.057" /><testcase classname="tests.test_reports_v2" name="test_migration_audit_caller_forbidden" time="0.055" /></testsuite></testsuites>