<?xml version="1.0" encoding="utf-8"?><testsuites name="pytest tests"><testsuite name="pytest" errors="0" failures="0" skipped="0" tests="8" time="5.675" timestamp="2026-07-07T11:24:43.140033+00:00" hostname="agent-env-d8354e50-fc5d-49e3-8b01-d1cc877cf241"><testcase classname="backend.tests.test_iter29_wa_webhook_status.TestStatusAdvance" name="test_delivered" time="0.261" /><testcase classname="backend.tests.test_iter29_wa_webhook_status.TestStatusAdvance" name="test_read" time="0.119" /><testcase classname="backend.tests.test_iter29_wa_webhook_status.TestStatusAdvance" name="test_failed_with_errors" time="0.162" /><testcase classname="backend.tests.test_iter29_wa_webhook_status.TestSignature" name="test_bad_signature_returns_401" time="0.132" /><testcase classname="backend.tests.test_iter29_wa_webhook_status.TestWebhookLog" name="test_admin_webhook_log_lists_entries_and_matched" time="0.396" /><testcase classname="backend.tests.test_iter29_wa_webhook_status.TestSubscribe" name="test_subscribe_does_not_500" time="4.032" /><testcase classname="backend.tests.test_iter29_wa_webhook_status.TestSubscribe" name="test_subscribed_apps_does_not_500" time="0.432" /><testcase classname="backend.tests.test_iter29_wa_webhook_status.TestRegression" name="test_wa_message_detail_endpoint_reflects_read" time="0.049" /></testsuite></testsuites>