<?xml version="1.0" encoding="utf-8"?><testsuites name="pytest tests"><testsuite name="pytest" errors="0" failures="1" skipped="0" tests="15" time="6.607" timestamp="2026-07-05T14:22:40.743901+00:00" hostname="agent-env-5c0f59a5-4b5e-4761-ad29-a9eab031176c"><testcase classname="backend.tests.test_iter23_fb_name_contains" name="test_what_is_your_name" time="0.609" /><testcase classname="backend.tests.test_iter23_fb_name_contains" name="test_company_name_excluded" time="0.114" /><testcase classname="backend.tests.test_iter23_fb_name_contains" name="test_excluded_name_keys[clinic_name-HomeIVF Clinic-9222200003]" time="0.144" /><testcase classname="backend.tests.test_iter23_fb_name_contains" name="test_excluded_name_keys[business_name-Acme Biz-9222200004]" time="0.153" /><testcase classname="backend.tests.test_iter23_fb_name_contains" name="test_excluded_name_keys[brand_name-SuperBrand-9222200005]" time="0.116" /><testcase classname="backend.tests.test_iter23_fb_name_contains" name="test_excluded_name_keys[form_name-My Form-9222200006]" time="0.145" /><testcase classname="backend.tests.test_iter23_fb_name_contains" name="test_excluded_name_keys[page_name-FB Page-9222200007]" time="0.111" /><testcase classname="backend.tests.test_iter23_fb_name_contains" name="test_first_last_regression" time="0.101" /><testcase classname="backend.tests.test_iter23_fb_name_contains" name="test_standard_full_name_regression" time="0.102" /><testcase classname="backend.tests.test_iter23_fb_name_contains" name="test_only_phone_email" time="0.105" /><testcase classname="backend.tests.test_iter23_fb_name_contains" name="test_created_lead_metadata" time="0.108"><failure message="AssertionError: name field leaked into custom: ['x_custom_what_is_your_name', 'x_custom_want_to_consult_an_ivf_expert_at_home']&#10;assert not True&#10; +  where True = any(&lt;generator object test_created_lead_metadata.&lt;locals&gt;.&lt;genexpr&gt; at 0xfcedbd4fba00&gt;)">backend/tests/test_iter23_fb_name_contains.py:124: in test_created_lead_metadata
    assert not any("name" in k.lower() for k in custom), f"name field leaked into custom: {list(custom.keys())}"
E   AssertionError: name field leaked into custom: ['x_custom_what_is_your_name', 'x_custom_want_to_consult_an_ivf_expert_at_home']
E   assert not True
E    +  where True = any(&lt;generator object test_created_lead_metadata.&lt;locals&gt;.&lt;genexpr&gt; at 0xfcedbd4fba00&gt;)</failure></testcase><testcase classname="backend.tests.test_iter23_fb_name_contains" name="test_recent_leads_endpoint" time="1.631" /><testcase classname="backend.tests.test_iter23_fb_name_contains" name="test_diagnose_endpoint" time="2.690" /><testcase classname="backend.tests.test_iter23_fb_name_contains" name="test_invalid_signature_webhook" time="0.112" /><testcase classname="backend.tests.test_iter23_fb_name_contains" name="test_backend_healthy" time="0.324" /></testsuite></testsuites>