<?xml version="1.0" encoding="utf-8"?><testsuites name="pytest tests"><testsuite name="pytest" errors="0" failures="0" skipped="0" tests="30" time="10.816" timestamp="2026-07-25T16:41:25.132326+00:00" hostname="agent-env-5bff21e0-aaa6-4b85-9e37-ea9e74c7692b"><testcase classname="tests.test_iter80_index_readd_and_cdr.TestVersion" name="test_version_ok" time="0.241" /><testcase classname="tests.test_iter80_index_readd_and_cdr.TestScopeAllTotal" name="test_scope_all_total_resolves" time="3.102" /><testcase classname="tests.test_iter80_index_readd_and_cdr.TestGroupCounts" name="test_group_counts_returns_fast[lead_stage]" time="0.267" /><testcase classname="tests.test_iter80_index_readd_and_cdr.TestGroupCounts" name="test_group_counts_returns_fast[source_lead]" time="0.239" /><testcase classname="tests.test_iter80_index_readd_and_cdr.TestGroupCounts" name="test_group_counts_returns_fast[user_id]" time="0.237" /><testcase classname="tests.test_iter80_index_readd_and_cdr.TestOzonetelCDR" name="test_new_incoming_missed_creates_lead_fast" time="0.104" /><testcase classname="tests.test_iter80_index_readd_and_cdr.TestOzonetelCDR" name="test_repeat_same_ucid_updates_no_duplicate_call" time="0.274" /><testcase classname="tests.test_iter80_index_readd_and_cdr.TestOzonetelCDR" name="test_created_lead_is_active_ozonetel_call_lead" time="0.247" /><testcase classname="tests.test_iter80_index_readd_and_cdr.TestRegression" name="test_default_leads_list" time="0.099" /><testcase classname="tests.test_iter80_index_readd_and_cdr.TestRegression" name="test_sorts[create_date]" time="0.107" /><testcase classname="tests.test_iter80_index_readd_and_cdr.TestRegression" name="test_sorts[-create_date]" time="0.092" /><testcase classname="tests.test_iter80_index_readd_and_cdr.TestRegression" name="test_sorts[lead_stage]" time="0.237" /><testcase classname="tests.test_iter80_index_readd_and_cdr.TestRegression" name="test_sorts[user_id]" time="0.205" /><testcase classname="tests.test_iter80_index_readd_and_cdr.TestRegression" name="test_sorts[follow_up_date]" time="0.278" /><testcase classname="tests.test_iter80_index_readd_and_cdr.TestRegression" name="test_filter_lead_stage" time="0.105" /><testcase classname="tests.test_iter80_index_readd_and_cdr.TestRegression" name="test_filter_date_range" time="0.105" /><testcase classname="tests.test_iter80_index_readd_and_cdr.TestRegression" name="test_follow_up_filters[today]" time="0.100" /><testcase classname="tests.test_iter80_index_readd_and_cdr.TestRegression" name="test_follow_up_filters[overdue]" time="0.135" /><testcase classname="tests.test_iter80_index_readd_and_cdr.TestRegression" name="test_follow_up_filters[upcoming]" time="0.093" /><testcase classname="tests.test_iter80_index_readd_and_cdr.TestRegression" name="test_search_by_phone" time="0.100" /><testcase classname="tests.test_iter80_index_readd_and_cdr.TestRegression" name="test_bucket_pipeline_default" time="0.106" /><testcase classname="tests.test_iter80_index_readd_and_cdr.TestRegression" name="test_bucket_ozonetel" time="0.096" /><testcase classname="tests.test_iter80_index_readd_and_cdr.TestRegression" name="test_caller_default_scope_own" time="0.432" /><testcase classname="tests.test_iter80_index_readd_and_cdr.TestRegression" name="test_dashboard_admin" time="0.266" /><testcase classname="tests.test_iter80_index_readd_and_cdr.TestRegression" name="test_dashboard_caller" time="0.106" /><testcase classname="tests.test_iter80_index_readd_and_cdr.TestRegression" name="test_kpi_overview" time="0.097" /><testcase classname="tests.test_iter80_index_readd_and_cdr.TestSameDayMerge" name="test_create_webhook" time="0.107" /><testcase classname="tests.test_iter80_index_readd_and_cdr.TestSameDayMerge" name="test_first_post_creates" time="0.867" /><testcase classname="tests.test_iter80_index_readd_and_cdr.TestSameDayMerge" name="test_second_same_phone_merges" time="0.114" /><testcase classname="tests.test_iter80_index_readd_and_cdr.TestSameDayMerge" name="test_different_phone_creates_new" time="2.227" /></testsuite></testsuites>