<?xml version="1.0" encoding="utf-8"?><testsuites name="pytest tests"><testsuite name="pytest" errors="0" failures="0" skipped="0" tests="10" time="3.229" timestamp="2026-07-07T09:52:28.092121+00:00" hostname="agent-env-d8354e50-fc5d-49e3-8b01-d1cc877cf241"><testcase classname="backend.tests.test_iter28_case4_chatter_preview.TestCase4ManualWA" name="test_manual_send_wa_logs_chatter_preview" time="1.025" /><testcase classname="backend.tests.test_iter28_case4_chatter_preview.TestCase4ManualEmail" name="test_manual_send_email_logs_chatter_preview" time="0.116" /><testcase classname="backend.tests.test_iter28_case4_chatter_preview.TestCase4Automation" name="test_automation_on_create_wa_template_logs_preview" time="0.677" /><testcase classname="backend.tests.test_iter28_case4_chatter_preview.TestCase4Automation" name="test_automation_on_create_email_template_logs_preview" time="0.338" /><testcase classname="backend.tests.test_iter28_case4_chatter_preview.TestRegression" name="test_chatter_note_post" time="0.042" /><testcase classname="backend.tests.test_iter28_case4_chatter_preview.TestRegression" name="test_caller_reports_forbidden" time="0.424" /><testcase classname="backend.tests.test_iter28_case4_chatter_preview.TestRegression" name="test_wa_lead_messages_endpoint" time="0.043" /><testcase classname="backend.tests.test_iter28_case4_chatter_preview.TestRegression" name="test_ozonetel_bucket_still_works" time="0.378" /><testcase classname="backend.tests.test_iter28_case4_chatter_preview.TestRegression" name="test_followups_crud" time="0.098" /><testcase classname="backend.tests.test_iter28_case4_chatter_preview.TestRegression" name="test_templates_whatsapp_list" time="0.044" /></testsuite></testsuites>