<?xml version="1.0" encoding="utf-8"?><testsuites name="pytest tests"><testsuite name="pytest" errors="0" failures="0" skipped="0" tests="5" time="3.596" timestamp="2026-07-03T07:30:40.585481+00:00" hostname="agent-env-5c0f59a5-4b5e-4761-ad29-a9eab031176c"><testcase classname="backend.tests.test_iter18_fb_diagnose_debug_token" name="test_backend_health" time="0.310" /><testcase classname="backend.tests.test_iter18_fb_diagnose_debug_token" name="test_diagnose_includes_new_checks" time="2.166" /><testcase classname="backend.tests.test_iter18_fb_diagnose_debug_token" name="test_webhook_log_admin" time="0.433" /><testcase classname="backend.tests.test_iter18_fb_diagnose_debug_token" name="test_webhook_invalid_signature_returns_401_and_logs" time="0.563" /><testcase classname="backend.tests.test_iter18_fb_diagnose_debug_token" name="test_webhook_log_requires_auth" time="0.103" /></testsuite></testsuites>