<?xml version="1.0" encoding="utf-8"?><testsuites name="pytest tests"><testsuite name="pytest" errors="0" failures="0" skipped="0" tests="8" time="4.312" timestamp="2026-07-18T19:52:06.620762+00:00" hostname="agent-env-f94b114c-0aa0-4f48-98c3-f4594f0c04db"><testcase classname="backend.tests.test_iter60_access_presence.TestCase1Audit" name="test_admin_audit_endpoint_shape" time="0.830" /><testcase classname="backend.tests.test_iter60_access_presence.TestCase1Audit" name="test_caller_can_edit_any_lead_and_audit_recorded" time="0.262" /><testcase classname="backend.tests.test_iter60_access_presence.TestCase1Audit" name="test_caller_cannot_reassign" time="0.160" /><testcase classname="backend.tests.test_iter60_access_presence.TestCase2Presence" name="test_agent_status_set_and_get" time="0.100" /><testcase classname="backend.tests.test_iter60_access_presence.TestCase2Presence" name="test_queue_when_all_offline_then_drain_on_available" time="1.167" /><testcase classname="backend.tests.test_iter60_access_presence.TestCase2Presence" name="test_direct_assign_when_available" time="1.569" /><testcase classname="backend.tests.test_iter60_access_presence.TestCase2Presence" name="test_attendance_day" time="0.050" /><testcase classname="backend.tests.test_iter60_access_presence.TestCase2Presence" name="test_attendance_month" time="0.136" /></testsuite></testsuites>