<?xml version="1.0" encoding="utf-8"?><testsuites name="pytest tests"><testsuite name="pytest" errors="0" failures="0" skipped="0" tests="21" time="10.611" timestamp="2026-07-12T21:21:16.213341+00:00" hostname="agent-env-f94b114c-0aa0-4f48-98c3-f4594f0c04db"><testcase classname="backend.tests.test_iter55_case_batch.TestP0NoFiveHundreds" name="test_admin_login" time="0.438" /><testcase classname="backend.tests.test_iter55_case_batch.TestP0NoFiveHundreds" name="test_caller1_login" time="0.366" /><testcase classname="backend.tests.test_iter55_case_batch.TestP0NoFiveHundreds" name="test_caller2_login" time="0.323" /><testcase classname="backend.tests.test_iter55_case_batch.TestP0NoFiveHundreds" name="test_leads_default_fast" time="0.460" /><testcase classname="backend.tests.test_iter55_case_batch.TestP0NoFiveHundreds" name="test_leads_pipeline_fast" time="0.166" /><testcase classname="backend.tests.test_iter55_case_batch.TestP0NoFiveHundreds" name="test_leads_ozonetel_fast" time="0.109" /><testcase classname="backend.tests.test_iter55_case_batch.TestP0NoFiveHundreds" name="test_leads_search_fast" time="0.154" /><testcase classname="backend.tests.test_iter55_case_batch.TestP0NoFiveHundreds" name="test_caller_leads_200" time="0.468" /><testcase classname="backend.tests.test_iter55_case_batch.TestCase4DashboardMatchesPipeline" name="test_dashboard_total_equals_pipeline_total" time="0.539" /><testcase classname="backend.tests.test_iter55_case_batch.TestCase4DashboardMatchesPipeline" name="test_by_stage_sums_to_total" time="0.367" /><testcase classname="backend.tests.test_iter55_case_batch.TestCase1WhatsAppVisibility" name="test_admin_sees_all_channels" time="0.100" /><testcase classname="backend.tests.test_iter55_case_batch.TestCase1WhatsAppVisibility" name="test_caller_unread_summary_200" time="0.096" /><testcase classname="backend.tests.test_iter55_case_batch.TestCase1WhatsAppVisibility" name="test_caller_visibility_owner_filter" time="1.355" /><testcase classname="backend.tests.test_iter55_case_batch.TestCase2Reminders" name="test_reminders_endpoint_200_admin" time="0.115" /><testcase classname="backend.tests.test_iter55_case_batch.TestCase2Reminders" name="test_reminder_owner_only_and_window" time="2.050" /><testcase classname="backend.tests.test_iter55_case_batch.TestCase2Reminders" name="test_status_sync_to_lead" time="1.544" /><testcase classname="backend.tests.test_iter55_case_batch.TestCase2Reminders" name="test_not_done_catalog_inactive" time="0.108" /><testcase classname="backend.tests.test_iter55_case_batch.TestCase3DispositionMap" name="test_get_disposition_map" time="0.098" /><testcase classname="backend.tests.test_iter55_case_batch.TestCase3DispositionMap" name="test_catalogs_exposes_disposition_map" time="0.105" /><testcase classname="backend.tests.test_iter55_case_batch.TestCase3DispositionMap" name="test_put_disposition_map_persists" time="0.657" /><testcase classname="backend.tests.test_iter55_case_batch.TestCase3DispositionMap" name="test_alternate_number_persists" time="0.923" /></testsuite></testsuites>