<?xml version="1.0" encoding="utf-8"?><testsuites name="pytest tests"><testsuite name="pytest" errors="0" failures="0" skipped="0" tests="7" time="6.043" timestamp="2026-07-02T13:04:03.627566+00:00" hostname="agent-env-c463b239-b8e8-4e88-ab63-f58daabe24c7"><testcase classname="backend.tests.test_iter14_catalog_fb_source" name="test_create_catalog_source_lead" time="0.991" /><testcase classname="backend.tests.test_iter14_catalog_fb_source" name="test_create_catalog_tag" time="0.236" /><testcase classname="backend.tests.test_iter14_catalog_fb_source" name="test_fb_test_creates_lead_meta_source_and_registers_catalog" time="0.361" /><testcase classname="backend.tests.test_iter14_catalog_fb_source" name="test_leads_filter_by_meta_source" time="1.378" /><testcase classname="backend.tests.test_iter14_catalog_fb_source" name="test_fb_attribution_mapping" time="0.162" /><testcase classname="backend.tests.test_iter14_catalog_fb_source" name="test_fb_diagnose_ok" time="1.711" /><testcase classname="backend.tests.test_iter14_catalog_fb_source" name="test_fb_register_webhook" time="1.164" /></testsuite></testsuites>