<?xml version="1.0" encoding="utf-8"?><testsuites name="pytest tests"><testsuite name="pytest" errors="0" failures="0" skipped="0" tests="8" time="4.873" timestamp="2026-07-03T21:00:06.903257+00:00" hostname="agent-env-5c0f59a5-4b5e-4761-ad29-a9eab031176c"><testcase classname="backend.tests.test_iter21_fb_form_name_fix" name="test_webhook_fields_string_no_form_name" time="0.000" /><testcase classname="backend.tests.test_iter21_fb_form_name_fix" name="test_webhook_fetches_form_name_separately" time="0.000" /><testcase classname="backend.tests.test_iter21_fb_form_name_fix" name="test_fb_test_endpoint_maps_form_name_and_assigns_caller" time="0.604" /><testcase classname="backend.tests.test_iter21_fb_form_name_fix" name="test_new_fb_lead_appears_in_default_leads_list" time="0.854" /><testcase classname="backend.tests.test_iter21_fb_form_name_fix" name="test_backend_healthy" time="0.148" /><testcase classname="backend.tests.test_iter21_fb_form_name_fix" name="test_invalid_signature_webhook_rejected_and_logged" time="0.527" /><testcase classname="backend.tests.test_iter21_fb_form_name_fix" name="test_recent_leads_returns_shape_and_assigned_name" time="0.604" /><testcase classname="backend.tests.test_iter21_fb_form_name_fix" name="test_diagnose_regression" time="2.097" /></testsuite></testsuites>