<?xml version="1.0" encoding="utf-8"?><testsuites name="pytest tests"><testsuite name="pytest" errors="0" failures="0" skipped="0" tests="18" time="18.134" timestamp="2026-07-06T14:30:37.214386+00:00" hostname="agent-env-d8354e50-fc5d-49e3-8b01-d1cc877cf241"><testcase classname="backend.tests.test_iter24_rbac_followups.TestAuthPermissions" name="test_login_returns_permissions" time="0.477" /><testcase classname="backend.tests.test_iter24_rbac_followups.TestAuthPermissions" name="test_me_returns_permissions" time="0.478" /><testcase classname="backend.tests.test_iter24_rbac_followups.TestRoleMatrix" name="test_get_matrix_admin" time="0.161" /><testcase classname="backend.tests.test_iter24_rbac_followups.TestRoleMatrix" name="test_patch_matrix_persists_and_admin_locked" time="0.282" /><testcase classname="backend.tests.test_iter24_rbac_followups.TestRoleMatrix" name="test_caller_cannot_patch_matrix" time="0.486" /><testcase classname="backend.tests.test_iter24_rbac_followups.TestCallerForbidden" name="test_reports_pivot" time="0.116" /><testcase classname="backend.tests.test_iter24_rbac_followups.TestCallerForbidden" name="test_reports_trends" time="0.148" /><testcase classname="backend.tests.test_iter24_rbac_followups.TestCallerForbidden" name="test_reports_heatmap" time="0.871" /><testcase classname="backend.tests.test_iter24_rbac_followups.TestCallerForbidden" name="test_export_leads_xlsx" time="0.183" /><testcase classname="backend.tests.test_iter24_rbac_followups.TestCallerForbidden" name="test_export_report_pdf" time="0.198" /><testcase classname="backend.tests.test_iter24_rbac_followups.TestCallerForbidden" name="test_marketing_campaigns" time="0.156" /><testcase classname="backend.tests.test_iter24_rbac_followups.TestManagerPermissions" name="test_reports_trends_allowed" time="0.552" /><testcase classname="backend.tests.test_iter24_rbac_followups.TestManagerPermissions" name="test_marketing_campaigns_allowed" time="0.102" /><testcase classname="backend.tests.test_iter24_rbac_followups.TestManagerPermissions" name="test_export_denied" time="0.132" /><testcase classname="backend.tests.test_iter24_rbac_followups.TestManagerPermissions" name="test_create_user_denied" time="0.180" /><testcase classname="backend.tests.test_iter24_rbac_followups.TestAdminAllowed" name="test_admin_all_ok" time="12.297" /><testcase classname="backend.tests.test_iter24_rbac_followups.TestFollowupsCRUD" name="test_full_crud" time="1.160" /><testcase classname="backend.tests.test_iter24_rbac_followups.TestFollowupsCRUD" name="test_missing_date_and_note_returns_400" time="0.106" /></testsuite></testsuites>