<?xml version="1.0" encoding="utf-8"?><testsuites name="pytest tests"><testsuite name="pytest" errors="0" failures="0" skipped="0" tests="11" time="2.114" timestamp="2026-07-22T14:52:46.212243+00:00" hostname="agent-env-f94b114c-0aa0-4f48-98c3-f4594f0c04db"><testcase classname="backend.tests.test_iter62_caller_scoping.TestCallerScoping" name="test_caller_me" time="0.561" /><testcase classname="backend.tests.test_iter62_caller_scoping.TestCallerScoping" name="test_caller_leads_scoped" time="0.058" /><testcase classname="backend.tests.test_iter62_caller_scoping.TestCallerScoping" name="test_caller_cannot_override_user_id" time="0.052" /><testcase classname="backend.tests.test_iter62_caller_scoping.TestCallerScoping" name="test_caller_group_counts_scoped" time="0.075" /><testcase classname="backend.tests.test_iter62_caller_scoping.TestAdminUnscoped" name="test_admin_me" time="0.416" /><testcase classname="backend.tests.test_iter62_caller_scoping.TestAdminUnscoped" name="test_admin_leads_all" time="0.092" /><testcase classname="backend.tests.test_iter62_caller_scoping.TestAdminUnscoped" name="test_admin_filter_by_caller" time="0.050" /><testcase classname="backend.tests.test_iter62_caller_scoping.TestAnalyticsPool" name="test_admin_dashboard_kpis" time="0.122" /><testcase classname="backend.tests.test_iter62_caller_scoping.TestAnalyticsPool" name="test_admin_dashboard_panels" time="0.156" /><testcase classname="backend.tests.test_iter62_caller_scoping.TestCallerLeadDetail" name="test_open_own_lead_and_edit" time="0.407" /><testcase classname="backend.tests.test_iter62_caller_scoping.TestCallerLeadDetail" name="test_caller_search_within_scope" time="0.083" /></testsuite></testsuites>