<?xml version="1.0" encoding="utf-8"?><testsuites name="pytest tests"><testsuite name="pytest" errors="0" failures="0" skipped="0" tests="11" time="6.061" timestamp="2026-07-11T07:24:15.926466+00:00" hostname="agent-env-f94b114c-0aa0-4f48-98c3-f4594f0c04db"><testcase classname="backend.tests.test_iter52_login_and_search.TestAuth" name="test_admin_login_no_500" time="0.405" /><testcase classname="backend.tests.test_iter52_login_and_search.TestAuth" name="test_auth_me_admin" time="0.413" /><testcase classname="backend.tests.test_iter52_login_and_search.TestAuth" name="test_caller_login" time="0.323" /><testcase classname="backend.tests.test_iter52_login_and_search.TestAuth" name="test_repeated_logins_stable" time="3.194" /><testcase classname="backend.tests.test_iter52_login_and_search.TestLeadSearch" name="test_default_list_fast" time="0.169" /><testcase classname="backend.tests.test_iter52_login_and_search.TestLeadSearch" name="test_search_case_insensitive_same_results" time="0.293" /><testcase classname="backend.tests.test_iter52_login_and_search.TestLeadSearch" name="test_search_phone" time="0.224" /><testcase classname="backend.tests.test_iter52_login_and_search.TestLeadSearch" name="test_create_lead_appears_in_search" time="0.598" /><testcase classname="backend.tests.test_iter52_login_and_search.TestRegression" name="test_pipeline_bucket" time="0.170" /><testcase classname="backend.tests.test_iter52_login_and_search.TestRegression" name="test_ozonetel_bucket" time="0.102" /><testcase classname="backend.tests.test_iter52_login_and_search.TestRegression" name="test_sort_and_filter" time="0.130" /></testsuite></testsuites>