<?xml version="1.0" encoding="utf-8"?><testsuites name="pytest tests"><testsuite name="pytest" errors="0" failures="0" skipped="0" tests="22" time="6.805" timestamp="2026-07-25T20:08:39.264006+00:00" hostname="agent-env-5bff21e0-aaa6-4b85-9e37-ea9e74c7692b"><testcase classname="backend.tests.test_iter82_caller_index_regression.TestVersion" name="test_version_marker" time="0.181" /><testcase classname="backend.tests.test_iter82_caller_index_regression.TestAdminLeads" name="test_default_list_fast" time="0.547" /><testcase classname="backend.tests.test_iter82_caller_index_regression.TestAdminLeads" name="test_scope_all_total_resolves" time="0.138" /><testcase classname="backend.tests.test_iter82_caller_index_regression.TestAdminLeads" name="test_sorts[create_date]" time="0.140" /><testcase classname="backend.tests.test_iter82_caller_index_regression.TestAdminLeads" name="test_sorts[-create_date]" time="0.098" /><testcase classname="backend.tests.test_iter82_caller_index_regression.TestAdminLeads" name="test_sorts[lead_stage]" time="0.217" /><testcase classname="backend.tests.test_iter82_caller_index_regression.TestAdminLeads" name="test_filter_lead_stage" time="0.135" /><testcase classname="backend.tests.test_iter82_caller_index_regression.TestAdminLeads" name="test_filter_date_range" time="0.098" /><testcase classname="backend.tests.test_iter82_caller_index_regression.TestAdminLeads" name="test_phone_search" time="0.151" /><testcase classname="backend.tests.test_iter82_caller_index_regression.TestCallerLeads" name="test_caller_default_fast" time="0.475" /><testcase classname="backend.tests.test_iter82_caller_index_regression.TestCallerLeads" name="test_caller_default_sorted_desc" time="0.116" /><testcase classname="backend.tests.test_iter82_caller_index_regression.TestCallerLeads" name="test_caller_scope_all_global" time="0.125" /><testcase classname="backend.tests.test_iter82_caller_index_regression.TestCallerLeads" name="test_caller_sorts[-create_date]" time="0.097" /><testcase classname="backend.tests.test_iter82_caller_index_regression.TestCallerLeads" name="test_caller_sorts[lead_stage]" time="0.123" /><testcase classname="backend.tests.test_iter82_caller_index_regression.TestGroupCounts" name="test_group_counts[lead_stage]" time="0.279" /><testcase classname="backend.tests.test_iter82_caller_index_regression.TestGroupCounts" name="test_group_counts[user_id]" time="0.228" /><testcase classname="backend.tests.test_iter82_caller_index_regression.TestSameDayMerge" name="test_create_webhook" time="0.137" /><testcase classname="backend.tests.test_iter82_caller_index_regression.TestSameDayMerge" name="test_first_post_creates" time="1.562" /><testcase classname="backend.tests.test_iter82_caller_index_regression.TestSameDayMerge" name="test_second_same_phone_merges" time="0.106" /><testcase classname="backend.tests.test_iter82_caller_index_regression.TestSameDayMerge" name="test_different_phone_creates" time="0.659" /><testcase classname="backend.tests.test_iter82_caller_index_regression.TestOzonetelCDR" name="test_new_missed_creates_fast" time="0.142" /><testcase classname="backend.tests.test_iter82_caller_index_regression.TestOzonetelCDR" name="test_repeat_same_ucid_no_duplicate" time="1.023" /></testsuite></testsuites>