<?xml version="1.0" encoding="utf-8"?><testsuites name="pytest tests"><testsuite name="pytest" errors="0" failures="0" skipped="0" tests="11" time="1.309" timestamp="2026-06-25T13:40:50.683666+00:00" hostname="agent-env-c040ae5c-9140-48b6-9ddc-4fca9215fbfc"><testcase classname="backend.tests.test_phase3_analytics" name="test_agent_login_role_caller" time="0.347" /><testcase classname="backend.tests.test_phase3_analytics" name="test_admin_login_role_admin" time="0.324" /><testcase classname="backend.tests.test_phase3_analytics" name="test_analytics_admin_is_manager_true" time="0.110" /><testcase classname="backend.tests.test_phase3_analytics" name="test_analytics_caller_is_manager_false_self_only" time="0.102" /><testcase classname="backend.tests.test_phase3_analytics" name="test_analytics_default_date_is_today" time="0.044" /><testcase classname="backend.tests.test_phase3_analytics" name="test_analytics_unauth_401" time="0.096" /><testcase classname="backend.tests.test_phase3_analytics" name="test_caller_blocked_from_live" time="0.046" /><testcase classname="backend.tests.test_phase3_analytics" name="test_caller_blocked_from_status_logs" time="0.047" /><testcase classname="backend.tests.test_phase3_analytics" name="test_admin_allowed_on_live" time="0.074" /><testcase classname="backend.tests.test_phase3_analytics" name="test_pending_queue_admin_status_queued" time="0.044" /><testcase classname="backend.tests.test_phase3_analytics" name="test_pending_queue_caller_self_only" time="0.047" /></testsuite></testsuites>