<?xml version="1.0" encoding="utf-8"?><testsuites name="pytest tests"><testsuite name="pytest" errors="0" failures="0" skipped="0" tests="5" time="5.928" timestamp="2026-07-10T05:44:10.797597+00:00" hostname="agent-env-d15d8399-33ec-4021-9a6b-fd51e22dc88d"><testcase classname="backend.tests.test_prod_stall_fix" name="test_health_fast" time="0.175" /><testcase classname="backend.tests.test_prod_stall_fix" name="test_reports_dashboard" time="0.458" /><testcase classname="backend.tests.test_prod_stall_fix" name="test_leads_list_paginated" time="0.441" /><testcase classname="backend.tests.test_prod_stall_fix" name="test_ai_analytics_fast" time="0.484" /><testcase classname="backend.tests.test_prod_stall_fix" name="test_ai_brain_top_callers" time="4.343" /></testsuite></testsuites>