<?xml version="1.0" encoding="utf-8"?><testsuites name="pytest tests"><testsuite name="pytest" errors="0" failures="0" skipped="0" tests="8" time="2.291" timestamp="2026-06-15T08:12:10.352489+00:00" hostname="agent-env-c040ae5c-9140-48b6-9ddc-4fca9215fbfc"><testcase classname="tests.test_calls" name="test_screenpop_matches_lead" time="0.603" /><testcase classname="tests.test_calls" name="test_screenpop_idempotent" time="0.237" /><testcase classname="tests.test_calls" name="test_screenpop_no_match" time="0.105" /><testcase classname="tests.test_calls" name="test_lead_call_history" time="0.162" /><testcase classname="tests.test_calls" name="test_calls_list_admin" time="0.047" /><testcase classname="tests.test_calls" name="test_agent_mapping_persists" time="0.094" /><testcase classname="tests.test_calls" name="test_active_call_for_mapped_agent" time="0.909" /><testcase classname="tests.test_calls" name="test_dial_requires_campaign" time="0.047" /></testsuite></testsuites>