<?xml version="1.0" encoding="utf-8"?><testsuites name="pytest tests"><testsuite name="pytest" errors="0" failures="0" skipped="0" tests="7" time="4.800" timestamp="2026-07-07T12:36:38.778565+00:00" hostname="agent-env-b4f6df83-e2ed-4d7d-881d-59a71d9416f6"><testcase classname="backend.tests.test_iter30_wa_diagnose.TestDiagnose" name="test_requires_auth" time="0.245" /><testcase classname="backend.tests.test_iter30_wa_diagnose.TestDiagnose" name="test_diagnose_200_shape" time="1.825" /><testcase classname="backend.tests.test_iter30_wa_diagnose.TestDiagnose" name="test_diagnose_healthy_on_preview" time="0.425" /><testcase classname="backend.tests.test_iter30_wa_diagnose.TestRegression" name="test_status" time="0.052" /><testcase classname="backend.tests.test_iter30_wa_diagnose.TestRegression" name="test_webhook_log" time="0.049" /><testcase classname="backend.tests.test_iter30_wa_diagnose.TestRegression" name="test_subscribe_no_500" time="1.838" /><testcase classname="backend.tests.test_iter30_wa_diagnose.TestRegression" name="test_subscribed_apps_no_500" time="0.340" /></testsuite></testsuites>