<?xml version="1.0" encoding="utf-8"?><testsuites name="pytest tests"><testsuite name="pytest" errors="0" failures="0" skipped="0" tests="6" time="3.350" timestamp="2026-07-03T04:58:16.612342+00:00" hostname="agent-env-5c0f59a5-4b5e-4761-ad29-a9eab031176c"><testcase classname="backend.tests.test_iter17_fb_webhook_logging" name="test_invalid_signature_returns_401_and_logs_rejected" time="0.542" /><testcase classname="backend.tests.test_iter17_fb_webhook_logging" name="test_valid_signature_bad_leadgen_returns_200_and_logs_error" time="0.481" /><testcase classname="backend.tests.test_iter17_fb_webhook_logging" name="test_webhook_log_requires_auth" time="0.145" /><testcase classname="backend.tests.test_iter17_fb_webhook_logging" name="test_webhook_log_response_shape" time="0.046" /><testcase classname="backend.tests.test_iter17_fb_webhook_logging" name="test_diagnose_includes_recent_webhook_deliveries" time="1.974" /><testcase classname="backend.tests.test_iter17_fb_webhook_logging" name="test_meta_lead_ads_in_source_catalog" time="0.055" /></testsuite></testsuites>