<?xml version="1.0" encoding="utf-8"?><testsuites name="pytest tests"><testsuite name="pytest" errors="0" failures="0" skipped="0" tests="25" time="9.405" timestamp="2026-06-12T15:41:15.041844+00:00" hostname="agent-env-e2b2dfa6-3d43-43cf-bb96-b2cd915d11ba"><testcase classname="tests.test_crm_8_cases.TestCase1AddressFields" name="test_catalog_country_state_exist" time="0.575" /><testcase classname="tests.test_crm_8_cases.TestCase1AddressFields" name="test_patch_lead_address_fields" time="0.144" /><testcase classname="tests.test_crm_8_cases.TestCase2TagCreate" name="test_create_tag_and_attach_to_lead" time="0.213" /><testcase classname="tests.test_crm_8_cases.TestCase2TagCreate" name="test_tag_creation_allowed_for_caller" time="0.379" /><testcase classname="tests.test_crm_8_cases.TestCase3MetaGoogleQA" name="test_lead_custom_qa_persists" time="0.112" /><testcase classname="tests.test_crm_8_cases.TestCase4CustomFieldBuilder" name="test_create_custom_field_general" time="0.049" /><testcase classname="tests.test_crm_8_cases.TestCase4CustomFieldBuilder" name="test_create_custom_field_qa_selection" time="0.046" /><testcase classname="tests.test_crm_8_cases.TestCase4CustomFieldBuilder" name="test_list_custom_fields" time="0.045" /><testcase classname="tests.test_crm_8_cases.TestCase4CustomFieldBuilder" name="test_toggle_custom_field_active" time="0.093" /><testcase classname="tests.test_crm_8_cases.TestCase4CustomFieldBuilder" name="test_webhook_alias_capture" time="0.264" /><testcase classname="tests.test_crm_8_cases.TestCase5WhatsApp" name="test_whatsapp_templates_list" time="0.054" /><testcase classname="tests.test_crm_8_cases.TestCase5WhatsApp" name="test_send_whatsapp_queues" time="0.162" /><testcase classname="tests.test_crm_8_cases.TestCase6Email" name="test_email_templates_list" time="0.100" /><testcase classname="tests.test_crm_8_cases.TestCase6Email" name="test_send_email_queues" time="0.048" /><testcase classname="tests.test_crm_8_cases.TestCase6Email" name="test_send_email_save_as_template" time="0.155" /><testcase classname="tests.test_crm_8_cases.TestCase7UTM" name="test_utm_catalogs_keys_present" time="0.065" /><testcase classname="tests.test_crm_8_cases.TestCase7UTM" name="test_patch_lead_utm_fields" time="0.097" /><testcase classname="tests.test_crm_8_cases.TestCase8Automations" name="test_automation_on_lead_stage_change_fires" time="1.340" /><testcase classname="tests.test_crm_8_cases.TestCase8Automations" name="test_automation_on_tag_set_fires" time="1.317" /><testcase classname="tests.test_crm_8_cases.TestCase8Automations" name="test_automation_on_bulk_add_tags_fires" time="2.339" /><testcase classname="tests.test_crm_8_cases.TestCase8Automations" name="test_automation_crud" time="0.148" /><testcase classname="tests.test_crm_8_cases.TestRegression" name="test_leads_list_loads" time="0.202" /><testcase classname="tests.test_crm_8_cases.TestRegression" name="test_lead_detail_loads" time="0.227" /><testcase classname="tests.test_crm_8_cases.TestRegression" name="test_chatter_post_note" time="0.044" /><testcase classname="tests.test_crm_8_cases.TestRegression" name="test_dashboard_endpoint" time="1.160" /></testsuite></testsuites>