<?xml version="1.0" encoding="utf-8"?><testsuites name="pytest tests"><testsuite name="pytest" errors="0" failures="0" skipped="0" tests="6" time="1.315" timestamp="2026-07-18T16:47:29.645666+00:00" hostname="agent-env-f94b114c-0aa0-4f48-98c3-f4594f0c04db"><testcase classname="backend.tests.test_kpi_overview" name="test_kpi_current_month_shape" time="0.622" /><testcase classname="backend.tests.test_kpi_overview" name="test_kpi_seeded_totals_nonzero" time="0.139" /><testcase classname="backend.tests.test_kpi_overview" name="test_kpi_month_param_past" time="0.179" /><testcase classname="backend.tests.test_kpi_overview" name="test_kpi_month_january_prev_null" time="0.140" /><testcase classname="backend.tests.test_kpi_overview" name="test_kpi_invalid_month_falls_back" time="0.121" /><testcase classname="backend.tests.test_kpi_overview" name="test_kpi_unauthenticated" time="0.097" /></testsuite></testsuites>