<?xml version="1.0" encoding="utf-8"?><testsuites name="pytest tests"><testsuite name="pytest" errors="0" failures="0" skipped="0" tests="15" time="26.352" timestamp="2026-07-08T19:42:52.636520+00:00" hostname="agent-env-fa65f2c0-48a9-45e5-a3b3-c4d313d438a7"><testcase classname="backend.tests.test_iter35_six_cases" name="test_followup_requires_note" time="0.886" /><testcase classname="backend.tests.test_iter35_six_cases" name="test_followup_create_with_note_and_status" time="0.283" /><testcase classname="backend.tests.test_iter35_six_cases" name="test_followup_status_endpoint" time="0.145" /><testcase classname="backend.tests.test_iter35_six_cases" name="test_followup_patch_requires_note" time="0.115" /><testcase classname="backend.tests.test_iter35_six_cases" name="test_caller_activity_empty_rejected" time="0.110" /><testcase classname="backend.tests.test_iter35_six_cases" name="test_caller_activity_create_and_list" time="0.314" /><testcase classname="backend.tests.test_iter35_six_cases" name="test_create_lead_defaults_country_to_india" time="0.217" /><testcase classname="backend.tests.test_iter35_six_cases" name="test_create_lead_respects_provided_country" time="0.208" /><testcase classname="backend.tests.test_iter35_six_cases" name="test_followups_analytics_shape" time="0.137" /><testcase classname="backend.tests.test_iter35_six_cases" name="test_followups_analytics_specific_date" time="0.112" /><testcase classname="backend.tests.test_iter35_six_cases" name="test_followups_reminders" time="0.097" /><testcase classname="backend.tests.test_iter35_six_cases" name="test_followups_reminders_caller_scoped" time="0.425" /><testcase classname="backend.tests.test_iter35_six_cases" name="test_export_leads_xlsx_admin" time="22.907" /><testcase classname="backend.tests.test_iter35_six_cases" name="test_export_leads_xlsx_caller_forbidden" time="0.122" /><testcase classname="backend.tests.test_iter35_six_cases" name="test_catalogs_followup_status_seeded" time="0.230" /></testsuite></testsuites>