<?xml version="1.0" encoding="utf-8"?><testsuites name="pytest tests"><testsuite name="pytest" errors="0" failures="2" skipped="0" tests="13" time="2.216" timestamp="2026-07-09T22:42:49.435567+00:00" hostname="agent-env-d15d8399-33ec-4021-9a6b-fd51e22dc88d"><testcase classname="backend.tests.test_perf_sections" name="test_health" time="0.447" /><testcase classname="backend.tests.test_perf_sections" name="test_dashboard" time="0.182" /><testcase classname="backend.tests.test_perf_sections" name="test_followups_analytics" time="0.047" /><testcase classname="backend.tests.test_perf_sections" name="test_leads_list_page1" time="0.428" /><testcase classname="backend.tests.test_perf_sections" name="test_leads_list_page2" time="0.205" /><testcase classname="backend.tests.test_perf_sections" name="test_leads_list_sorted" time="0.194" /><testcase classname="backend.tests.test_perf_sections" name="test_lead_get" time="0.226" /><testcase classname="backend.tests.test_perf_sections" name="test_lead_followups" time="0.050" /><testcase classname="backend.tests.test_perf_sections" name="test_lead_caller_activities" time="0.055" /><testcase classname="backend.tests.test_perf_sections" name="test_lead_messages" time="0.155" /><testcase classname="backend.tests.test_perf_sections" name="test_pivot_user" time="0.047"><failure message="AssertionError: {&quot;detail&quot;:&quot;Method Not Allowed&quot;}&#10;assert 405 == 200&#10; +  where 405 = &lt;Response [405]&gt;.status_code">backend/tests/test_perf_sections.py:143: in test_pivot_user
    assert r.status_code == 200, r.text[:300]
E   AssertionError: {"detail":"Method Not Allowed"}
E   assert 405 == 200
E    +  where 405 = &lt;Response [405]&gt;.status_code</failure></testcase><testcase classname="backend.tests.test_perf_sections" name="test_pivot_source_x_stage" time="0.045"><failure message="AssertionError: {&quot;detail&quot;:&quot;Method Not Allowed&quot;}&#10;assert 405 == 200&#10; +  where 405 = &lt;Response [405]&gt;.status_code">backend/tests/test_perf_sections.py:149: in test_pivot_source_x_stage
    assert r.status_code == 200, r.text[:300]
E   AssertionError: {"detail":"Method Not Allowed"}
E   assert 405 == 200
E    +  where 405 = &lt;Response [405]&gt;.status_code</failure></testcase><testcase classname="backend.tests.test_perf_sections" name="test_trends" time="0.078" /></testsuite></testsuites>