<?xml version="1.0" encoding="utf-8"?><testsuites name="pytest tests"><testsuite name="pytest" errors="0" failures="0" skipped="0" tests="34" time="7.024" timestamp="2026-07-26T08:02:42.840889+00:00" hostname="agent-env-5bff21e0-aaa6-4b85-9e37-ea9e74c7692b"><testcase classname="backend.tests.test_iter84_max_time_ms_bounded_queries.TestAuth" name="test_admin_login" time="0.403" /><testcase classname="backend.tests.test_iter84_max_time_ms_bounded_queries.TestAuth" name="test_caller_login" time="0.328" /><testcase classname="backend.tests.test_iter84_max_time_ms_bounded_queries.TestLeadsList" name="test_admin_leads_default" time="0.095" /><testcase classname="backend.tests.test_iter84_max_time_ms_bounded_queries.TestLeadsList" name="test_admin_leads_scope_all_with_sort" time="0.102" /><testcase classname="backend.tests.test_iter84_max_time_ms_bounded_queries.TestLeadsList" name="test_admin_leads_scope_all_page2" time="0.092" /><testcase classname="backend.tests.test_iter84_max_time_ms_bounded_queries.TestLeadsList" name="test_caller_leads_default" time="0.093" /><testcase classname="backend.tests.test_iter84_max_time_ms_bounded_queries.TestLeadsList" name="test_caller_leads_scope_mine" time="0.093" /><testcase classname="backend.tests.test_iter84_max_time_ms_bounded_queries.TestLeadDetail" name="test_get_lead" time="0.184" /><testcase classname="backend.tests.test_iter84_max_time_ms_bounded_queries.TestLeadDetail" name="test_lead_audit" time="0.099" /><testcase classname="backend.tests.test_iter84_max_time_ms_bounded_queries.TestLeadDetail" name="test_lead_followups" time="0.096" /><testcase classname="backend.tests.test_iter84_max_time_ms_bounded_queries.TestLeadDetail" name="test_lead_caller_activities" time="0.101" /><testcase classname="backend.tests.test_iter84_max_time_ms_bounded_queries.TestLeadUpdate" name="test_patch_lead_and_audit" time="0.486" /><testcase classname="backend.tests.test_iter84_max_time_ms_bounded_queries.TestFollowups" name="test_reminders" time="0.099" /><testcase classname="backend.tests.test_iter84_max_time_ms_bounded_queries.TestFollowups" name="test_analytics" time="0.089" /><testcase classname="backend.tests.test_iter84_max_time_ms_bounded_queries.TestFollowups" name="test_crud_flow" time="0.603" /><testcase classname="backend.tests.test_iter84_max_time_ms_bounded_queries.TestCallerActivity" name="test_add_activity" time="0.102" /><testcase classname="backend.tests.test_iter84_max_time_ms_bounded_queries.TestCallerActivity" name="test_missing_feedback_rejected" time="0.100" /><testcase classname="backend.tests.test_iter84_max_time_ms_bounded_queries.TestLostRestore" name="test_lost_and_restore" time="0.193" /><testcase classname="backend.tests.test_iter84_max_time_ms_bounded_queries.TestPromote" name="test_promote_dedup_or_promote" time="0.194" /><testcase classname="backend.tests.test_iter84_max_time_ms_bounded_queries.TestWhatsAppSend" name="test_send_template" time="0.096" /><testcase classname="backend.tests.test_iter84_max_time_ms_bounded_queries.TestFacebookAdmin" name="test_status" time="0.155" /><testcase classname="backend.tests.test_iter84_max_time_ms_bounded_queries.TestFacebookAdmin" name="test_recent_leads" time="0.282" /><testcase classname="backend.tests.test_iter84_max_time_ms_bounded_queries.TestFacebookAdmin" name="test_webhook_log" time="0.096" /><testcase classname="backend.tests.test_iter84_max_time_ms_bounded_queries.TestFacebookAdmin" name="test_diagnose" time="0.789" /><testcase classname="backend.tests.test_iter84_max_time_ms_bounded_queries.TestFacebookAdmin" name="test_backfill_status" time="0.105" /><testcase classname="backend.tests.test_iter84_max_time_ms_bounded_queries.TestWhatsAppInbox" name="test_channels_list" time="0.136" /><testcase classname="backend.tests.test_iter84_max_time_ms_bounded_queries.TestWhatsAppInbox" name="test_channels_search" time="0.100" /><testcase classname="backend.tests.test_iter84_max_time_ms_bounded_queries.TestWhatsAppInbox" name="test_channels_pagination" time="0.115" /><testcase classname="backend.tests.test_iter84_max_time_ms_bounded_queries.TestWhatsAppInbox" name="test_unread_summary" time="0.103" /><testcase classname="backend.tests.test_iter84_max_time_ms_bounded_queries.TestWhatsAppInbox" name="test_channel_messages" time="0.197" /><testcase classname="backend.tests.test_iter84_max_time_ms_bounded_queries.TestWhatsAppInbox" name="test_set_category" time="0.108" /><testcase classname="backend.tests.test_iter84_max_time_ms_bounded_queries.TestWhatsAppInbox" name="test_send_message_queues" time="0.701" /><testcase classname="backend.tests.test_iter84_max_time_ms_bounded_queries.TestWhatsAppInbox" name="test_star_pin_toggle" time="0.336" /><testcase classname="backend.tests.test_iter84_max_time_ms_bounded_queries.TestWhatsAppInbox" name="test_channels_for_lead" time="0.115" /></testsuite></testsuites>