<?xml version="1.0" encoding="utf-8"?><testsuites name="pytest tests"><testsuite name="pytest" errors="0" failures="0" skipped="0" tests="22" time="9.391" timestamp="2026-07-26T07:46:24.123715+00:00" hostname="agent-env-5bff21e0-aaa6-4b85-9e37-ea9e74c7692b"><testcase classname="backend.tests.test_iter83_2pass_index_and_est_count.TestVersion" name="test_version_marker" time="0.239" /><testcase classname="backend.tests.test_iter83_2pass_index_and_est_count.TestAdminLeads" name="test_default_list_fast" time="0.466" /><testcase classname="backend.tests.test_iter83_2pass_index_and_est_count.TestAdminLeads" name="test_scope_all_total_resolves_via_estimate" time="0.095" /><testcase classname="backend.tests.test_iter83_2pass_index_and_est_count.TestAdminLeads" name="test_scope_all_filtered_uses_exact_count" time="2.716" /><testcase classname="backend.tests.test_iter83_2pass_index_and_est_count.TestAdminLeads" name="test_sorts[create_date]" time="0.094" /><testcase classname="backend.tests.test_iter83_2pass_index_and_est_count.TestAdminLeads" name="test_sorts[-create_date]" time="0.128" /><testcase classname="backend.tests.test_iter83_2pass_index_and_est_count.TestAdminLeads" name="test_sorts[lead_stage]" time="0.217" /><testcase classname="backend.tests.test_iter83_2pass_index_and_est_count.TestAdminLeads" name="test_filter_lead_stage" time="0.134" /><testcase classname="backend.tests.test_iter83_2pass_index_and_est_count.TestAdminLeads" name="test_filter_date_range" time="0.102" /><testcase classname="backend.tests.test_iter83_2pass_index_and_est_count.TestAdminLeads" name="test_phone_search" time="0.172" /><testcase classname="backend.tests.test_iter83_2pass_index_and_est_count.TestAdminLeads" name="test_bucket_ozonetel" time="0.099" /><testcase classname="backend.tests.test_iter83_2pass_index_and_est_count.TestCallerLeads" name="test_caller_default_fast" time="0.437" /><testcase classname="backend.tests.test_iter83_2pass_index_and_est_count.TestCallerLeads" name="test_caller_default_total_exact" time="0.099" /><testcase classname="backend.tests.test_iter83_2pass_index_and_est_count.TestCallerLeads" name="test_caller_default_sorted_desc" time="0.127" /><testcase classname="backend.tests.test_iter83_2pass_index_and_est_count.TestGroupCounts" name="test_group_counts[lead_stage]" time="0.235" /><testcase classname="backend.tests.test_iter83_2pass_index_and_est_count.TestGroupCounts" name="test_group_counts[user_id]" time="0.242" /><testcase classname="backend.tests.test_iter83_2pass_index_and_est_count.TestSameDayMerge" name="test_create_webhook" time="0.111" /><testcase classname="backend.tests.test_iter83_2pass_index_and_est_count.TestSameDayMerge" name="test_first_post_creates" time="1.376" /><testcase classname="backend.tests.test_iter83_2pass_index_and_est_count.TestSameDayMerge" name="test_second_same_phone_merges" time="0.103" /><testcase classname="backend.tests.test_iter83_2pass_index_and_est_count.TestSameDayMerge" name="test_different_phone_creates" time="1.051" /><testcase classname="backend.tests.test_iter83_2pass_index_and_est_count.TestOzonetelCDR" name="test_new_missed_creates_fast" time="0.127" /><testcase classname="backend.tests.test_iter83_2pass_index_and_est_count.TestOzonetelCDR" name="test_repeat_same_ucid_no_duplicate" time="0.991" /></testsuite></testsuites>