<?xml version="1.0" encoding="utf-8"?><testsuites name="pytest tests"><testsuite name="pytest" errors="0" failures="0" skipped="0" tests="4" time="1.404" timestamp="2026-07-16T18:59:03.956530+00:00" hostname="agent-env-f94b114c-0aa0-4f48-98c3-f4594f0c04db"><testcase classname="backend.tests.test_kpi_overview" name="test_kpi_admin_returns_200_and_shape" time="0.606" /><testcase classname="backend.tests.test_kpi_overview" name="test_kpi_seeded_test_data_counted" time="0.157" /><testcase classname="backend.tests.test_kpi_overview" name="test_kpi_caller_forbidden" time="0.438" /><testcase classname="backend.tests.test_kpi_overview" name="test_kpi_unauthenticated" time="0.178" /></testsuite></testsuites>