<?xml version="1.0" encoding="utf-8"?><testsuites name="pytest tests"><testsuite name="pytest" errors="0" failures="0" skipped="0" tests="17" time="2.379" timestamp="2026-07-23T10:28:33.904341+00:00" hostname="agent-env-f94b114c-0aa0-4f48-98c3-f4594f0c04db"><testcase classname="backend.tests.test_iter63_case1_and_hotpath_timeouts.TestAuth" name="test_admin_me" time="0.473" /><testcase classname="backend.tests.test_iter63_case1_and_hotpath_timeouts.TestAuth" name="test_caller_me" time="0.374" /><testcase classname="backend.tests.test_iter63_case1_and_hotpath_timeouts.TestCallerScoping" name="test_caller_only_own_leads" time="0.053" /><testcase classname="backend.tests.test_iter63_case1_and_hotpath_timeouts.TestCallerScoping" name="test_caller_user_id_override_ignored" time="0.050" /><testcase classname="backend.tests.test_iter63_case1_and_hotpath_timeouts.TestCallerScoping" name="test_admin_unscoped_and_filter" time="0.140" /><testcase classname="backend.tests.test_iter63_case1_and_hotpath_timeouts.TestEditAndOwnershipLock" name="test_caller_can_open_any_lead" time="0.100" /><testcase classname="backend.tests.test_iter63_case1_and_hotpath_timeouts.TestEditAndOwnershipLock" name="test_caller_patch_own_lead_edits_city" time="0.181" /><testcase classname="backend.tests.test_iter63_case1_and_hotpath_timeouts.TestEditAndOwnershipLock" name="test_caller_cannot_reassign_or_change_original_user_id" time="0.092" /><testcase classname="backend.tests.test_iter63_case1_and_hotpath_timeouts.TestEditAndOwnershipLock" name="test_admin_can_reassign_but_original_user_id_immutable" time="0.134" /><testcase classname="backend.tests.test_iter63_case1_and_hotpath_timeouts.TestHotPolling" name="test_calls_active" time="0.044" /><testcase classname="backend.tests.test_iter63_case1_and_hotpath_timeouts.TestHotPolling" name="test_whatsapp_unread_summary" time="0.047" /><testcase classname="backend.tests.test_iter63_case1_and_hotpath_timeouts.TestHotPolling" name="test_agent_me" time="0.043" /><testcase classname="backend.tests.test_iter63_case1_and_hotpath_timeouts.TestHotPolling" name="test_followups_reminders" time="0.045" /><testcase classname="backend.tests.test_iter63_case1_and_hotpath_timeouts.TestGroupCountsAndAudit" name="test_group_counts_by_stage_caller" time="0.082" /><testcase classname="backend.tests.test_iter63_case1_and_hotpath_timeouts.TestGroupCountsAndAudit" name="test_group_counts_by_user_id_caller" time="0.052" /><testcase classname="backend.tests.test_iter63_case1_and_hotpath_timeouts.TestGroupCountsAndAudit" name="test_group_counts_admin" time="0.281" /><testcase classname="backend.tests.test_iter63_case1_and_hotpath_timeouts.TestGroupCountsAndAudit" name="test_audit_trail_after_edit" time="0.135" /></testsuite></testsuites>