<?xml version="1.0" encoding="utf-8"?><testsuites name="pytest tests"><testsuite name="pytest" errors="0" failures="0" skipped="0" tests="32" time="7.241" timestamp="2026-06-11T13:52:28.194070+00:00" hostname="agent-env-e2b2dfa6-3d43-43cf-bb96-b2cd915d11ba"><testcase classname="tests.test_homeivf_api" name="test_health" time="0.124" /><testcase classname="tests.test_homeivf_api" name="test_login_wrong_password" time="0.336" /><testcase classname="tests.test_homeivf_api" name="test_login_admin_success_and_cookies" time="0.340" /><testcase classname="tests.test_homeivf_api" name="test_auth_me" time="0.389" /><testcase classname="tests.test_homeivf_api" name="test_auth_me_unauth" time="0.106" /><testcase classname="tests.test_homeivf_api" name="test_leads_list_admin_sees_all" time="0.265" /><testcase classname="tests.test_homeivf_api" name="test_leads_pagination" time="0.436" /><testcase classname="tests.test_homeivf_api" name="test_leads_filter_lead_stage_converted" time="0.089" /><testcase classname="tests.test_homeivf_api" name="test_leads_filter_lost" time="0.051" /><testcase classname="tests.test_homeivf_api" name="test_leads_search_by_name" time="0.326" /><testcase classname="tests.test_homeivf_api" name="test_leads_search_by_phone" time="0.479" /><testcase classname="tests.test_homeivf_api" name="test_group_counts_lead_stage" time="0.189" /><testcase classname="tests.test_homeivf_api" name="test_group_counts_tags" time="0.231" /><testcase classname="tests.test_homeivf_api" name="test_group_counts_user" time="0.213" /><testcase classname="tests.test_homeivf_api" name="test_create_lead_persisted_and_retrievable" time="0.643" /><testcase classname="tests.test_homeivf_api" name="test_update_lead_stage_and_chatter_logs" time="0.153" /><testcase classname="tests.test_homeivf_api" name="test_mark_lost_and_restore" time="0.212" /><testcase classname="tests.test_homeivf_api" name="test_bulk_assign" time="0.157" /><testcase classname="tests.test_homeivf_api" name="test_post_note_appears" time="0.103" /><testcase classname="tests.test_homeivf_api" name="test_schedule_and_mark_done_activity" time="0.108" /><testcase classname="tests.test_homeivf_api" name="test_reports_dashboard" time="0.475" /><testcase classname="tests.test_homeivf_api" name="test_reports_pivot" time="0.231" /><testcase classname="tests.test_homeivf_api" name="test_catalogs_lead_stage" time="0.054" /><testcase classname="tests.test_homeivf_api" name="test_catalogs_tag_list" time="0.049" /><testcase classname="tests.test_homeivf_api" name="test_catalog_create_tag" time="0.054" /><testcase classname="tests.test_homeivf_api" name="test_templates_list_whatsapp" time="0.058" /><testcase classname="tests.test_homeivf_api" name="test_templates_list_email" time="0.095" /><testcase classname="tests.test_homeivf_api" name="test_whatsapp_channels_list" time="0.071" /><testcase classname="tests.test_homeivf_api" name="test_admin_users_list" time="0.048" /><testcase classname="tests.test_homeivf_api" name="test_webhook_create_and_post_creates_lead" time="0.332" /><testcase classname="tests.test_homeivf_api" name="test_caller_sees_only_own_leads" time="0.744" /><testcase classname="tests.test_homeivf_api" name="test_caller_cannot_bulk" time="0.051" /></testsuite></testsuites>