<?xml version="1.0" encoding="utf-8"?><testsuites name="pytest tests"><testsuite name="pytest" errors="0" failures="0" skipped="1" tests="28" time="17.230" timestamp="2026-06-27T04:41:51.210176+00:00" hostname="agent-env-c040ae5c-9140-48b6-9ddc-4fca9215fbfc"><testcase classname="tests.test_iter9_full_regression.TestCase6Auth" name="test_admin_login_returns_token" time="0.390" /><testcase classname="tests.test_iter9_full_regression.TestCase6Auth" name="test_agent_login" time="0.325" /><testcase classname="tests.test_iter9_full_regression.TestCase6Auth" name="test_me_with_bearer_only" time="0.427" /><testcase classname="tests.test_iter9_full_regression.TestCase1_3Automations" name="test_create_multi_action_automation" time="0.372" /><testcase classname="tests.test_iter9_full_regression.TestCase1_3Automations" name="test_create_on_tag_set" time="0.048" /><testcase classname="tests.test_iter9_full_regression.TestCase1_3Automations" name="test_invalid_trigger" time="0.045" /><testcase classname="tests.test_iter9_full_regression.TestCase1_3Automations" name="test_list_automations" time="0.050" /><testcase classname="tests.test_iter9_full_regression.TestCase1_3Automations" name="test_zz_cleanup" time="0.090" /><testcase classname="tests.test_iter9_full_regression.TestCase2CustomFields" name="test_create_custom_field_text" time="0.051" /><testcase classname="tests.test_iter9_full_regression.TestCase2CustomFields" name="test_create_select_with_options" time="0.045" /><testcase classname="tests.test_iter9_full_regression.TestCase2CustomFields" name="test_list_includes_created" time="0.045" /><testcase classname="tests.test_iter9_full_regression.TestCase2CustomFields" name="test_reorder" time="0.044" /><testcase classname="tests.test_iter9_full_regression.TestCase2CustomFields" name="test_patch_field" time="0.045" /><testcase classname="tests.test_iter9_full_regression.TestCase2CustomFields" name="test_zz_cleanup" time="0.088" /><testcase classname="tests.test_iter9_full_regression.TestCase4Facebook" name="test_fb_status" time="0.120" /><testcase classname="tests.test_iter9_full_regression.TestCase4Facebook" name="test_settings_save_facebook_payload" time="0.046" /><testcase classname="tests.test_iter9_full_regression.TestCase4Facebook" name="test_send_test_lead_creates_lead" time="0.139" /><testcase classname="tests.test_iter9_full_regression.TestCase5Calls" name="test_calls_endpoint_shape" time="0.229" /><testcase classname="tests.test_iter9_full_regression.TestCase7Export" name="test_export_excel" time="11.131" /><testcase classname="tests.test_iter9_full_regression.TestCase7Export" name="test_export_pdf" time="0.455" /><testcase classname="tests.test_iter9_full_regression.TestCase9Webhook" name="test_webhook_list_and_post_lead" time="0.302" /><testcase classname="tests.test_iter9_full_regression.TestCase11Attachments" name="test_attachment_lifecycle" time="0.787" /><testcase classname="tests.test_iter9_full_regression.TestCase12Users" name="test_create_and_update_user" time="0.671" /><testcase classname="tests.test_iter9_full_regression.TestCase14Marketing" name="test_audience_preview_and_create_and_send" time="0.509" /><testcase classname="tests.test_iter9_full_regression.TestCase15UndefinedFix" name="test_dashboard_by_stage_label" time="0.445" /><testcase classname="tests.test_iter9_full_regression.TestCase15UndefinedFix" name="test_pivot_lead_stage_label" time="0.044"><skipped type="pytest.skip" message="pivot returned 422">/app/backend/tests/test_iter9_full_regression.py:375: pivot returned 422</skipped></testcase><testcase classname="tests.test_iter9_full_regression.TestCase16WATemplate" name="test_create_update_delete_wa_template" time="0.134" /><testcase classname="tests.test_iter9_full_regression.TestCase17EmailTemplate" name="test_create_email_template" time="0.091" /></testsuite></testsuites>