<?xml version="1.0" encoding="utf-8"?><testsuites name="pytest tests"><testsuite name="pytest" errors="0" failures="0" skipped="0" tests="6" time="7.060" timestamp="2026-07-11T08:57:50.095351+00:00" hostname="agent-env-f94b114c-0aa0-4f48-98c3-f4594f0c04db"><testcase classname="backend.tests.test_iter53_wa_131047_fix.TestRegressionSanity" name="test_leads_list_ok" time="0.433" /><testcase classname="backend.tests.test_iter53_wa_131047_fix.TestRegressionSanity" name="test_leads_search_ok" time="0.055" /><testcase classname="backend.tests.test_iter53_wa_131047_fix.TestAutomationUnlinkedTemplate" name="test_unlinked_returns_actionable_131047_error" time="1.221" /><testcase classname="backend.tests.test_iter53_wa_131047_fix.TestAutomationUnlinkedTemplate" name="test_unlinked_chatter_log_shows_failed" time="1.266" /><testcase classname="backend.tests.test_iter53_wa_131047_fix.TestAutomationLinkedTemplate" name="test_linked_attempts_template_send_not_freetext" time="1.762" /><testcase classname="backend.tests.test_iter53_wa_131047_fix.TestManualSendRegression" name="test_manual_send_unlinked_template_does_not_raise" time="2.290" /></testsuite></testsuites>