<?xml version="1.0" encoding="utf-8"?><testsuites name="pytest tests"><testsuite name="pytest" errors="0" failures="0" skipped="0" tests="2" time="21.063" timestamp="2026-07-09T17:34:35.790780+00:00" hostname="agent-env-d15d8399-33ec-4021-9a6b-fd51e22dc88d"><testcase classname="backend.tests.test_odoo_sync_regression" name="test_sync_start_and_completes" time="12.906" /><testcase classname="backend.tests.test_odoo_sync_regression" name="test_sync_status_after_run" time="8.139" /></testsuite></testsuites>