<?xml version="1.0" encoding="utf-8"?><testsuites name="pytest tests"><testsuite name="pytest" errors="0" failures="0" skipped="0" tests="8" time="9.138" timestamp="2026-07-11T10:00:51.974108+00:00" hostname="agent-env-f94b114c-0aa0-4f48-98c3-f4594f0c04db"><testcase classname="tests.test_iter54_wa_prod_automation.TestRegressionSanity" name="test_admin_login_ok" time="0.407" /><testcase classname="tests.test_iter54_wa_prod_automation.TestRegressionSanity" name="test_leads_list_ok" time="0.781" /><testcase classname="tests.test_iter54_wa_prod_automation.TestRegressionSanity" name="test_leads_search_ok" time="0.077" /><testcase classname="tests.test_iter54_wa_prod_automation.TestConfigPresent" name="test_automation_id_1_points_to_template_4" time="0.048" /><testcase classname="tests.test_iter54_wa_prod_automation.TestConfigPresent" name="test_template_id_4_linked" time="0.056" /><testcase classname="tests.test_iter54_wa_prod_automation.TestSyncRelinksTemplate" name="test_sync_relinks_template_4" time="4.245" /><testcase classname="tests.test_iter54_wa_prod_automation.TestNewLeadWelcomeAutomationE2E" name="test_new_lead_triggers_template_send" time="3.009" /><testcase classname="tests.test_iter54_wa_prod_automation.TestSendLeadTemplateBranch" name="test_send_template_called_not_send_text" time="0.476" /></testsuite></testsuites>