<?xml version="1.0" encoding="utf-8"?><testsuites name="pytest tests"><testsuite name="pytest" errors="0" failures="1" skipped="0" tests="10" time="2.275" timestamp="2026-07-01T10:40:28.334811+00:00" hostname="agent-env-c040ae5c-9140-48b6-9ddc-4fca9215fbfc"><testcase classname="backend.tests.test_iter12_cases_18_24.TestCase18DashboardDateFilter" name="test_dashboard_no_range_funnel_nonempty" time="0.778" /><testcase classname="backend.tests.test_iter12_cases_18_24.TestCase18DashboardDateFilter" name="test_dashboard_with_range_scopes" time="0.230" /><testcase classname="backend.tests.test_iter12_cases_18_24.TestCase18DashboardDateFilter" name="test_dashboard_narrow_future_range" time="0.134" /><testcase classname="backend.tests.test_iter12_cases_18_24.TestCase19FollowupTime" name="test_create_lead_with_follow_up_time_and_persist" time="0.255" /><testcase classname="backend.tests.test_iter12_cases_18_24.TestCase20DuplicateFlag" name="test_two_leads_same_phone_second_flagged" time="0.048"><failure message="AssertionError: assert not True&#10; +  where True = &lt;built-in method get of dict object at 0xfdd0e21425c0&gt;('is_duplicate', False)&#10; +    where &lt;built-in method get of dict object at 0xfdd0e21425c0&gt; = {'active': True, 'contact_name': 'TEST_iter12_dup_A', 'create_date': '2026-07-01 10:40:29', 'create_date_ist': '2026-07-01 16:10:29', ...}.get">backend/tests/test_iter12_cases_18_24.py:100: in test_two_leads_same_phone_second_flagged
    assert not lead1.get("is_duplicate", False)
E   AssertionError: assert not True
E    +  where True = &lt;built-in method get of dict object at 0xfdd0e21425c0&gt;('is_duplicate', False)
E    +    where &lt;built-in method get of dict object at 0xfdd0e21425c0&gt; = {'active': True, 'contact_name': 'TEST_iter12_dup_A', 'create_date': '2026-07-01 10:40:29', 'create_date_ist': '2026-07-01 16:10:29', ...}.get</failure></testcase><testcase classname="backend.tests.test_iter12_cases_18_24.TestCase22Attachments" name="test_upload_list_and_delete_attachment" time="0.444" /><testcase classname="backend.tests.test_iter12_cases_18_24.TestCase23WhatsAppWebhookStatuses" name="test_post_statuses_only_accepted" time="0.142" /><testcase classname="backend.tests.test_iter12_cases_18_24.TestCase24AgentStatusLogs" name="test_status_logs_breaks_only_true" time="0.046" /><testcase classname="backend.tests.test_iter12_cases_18_24.TestCase24AgentStatusLogs" name="test_status_logs_all_statuses" time="0.046" /><testcase classname="backend.tests.test_iter12_cases_18_24.TestCase24AgentStatusLogs" name="test_status_logs_all_more_or_equal_than_breaks_only" time="0.089" /></testsuite></testsuites>