<?xml version="1.0" encoding="utf-8"?><testsuites name="pytest tests"><testsuite name="pytest" errors="0" failures="0" skipped="0" tests="12" time="2.360" timestamp="2026-07-06T19:44:47.775886+00:00" hostname="agent-env-d8354e50-fc5d-49e3-8b01-d1cc877cf241"><testcase classname="tests.test_iter25_gmail_oauth_regression.TestGmailAuthUrl" name="test_auth_url_requires_admin" time="0.117" /><testcase classname="tests.test_iter25_gmail_oauth_regression.TestGmailAuthUrl" name="test_auth_url_returns_google_url_with_correct_redirect_and_scopes" time="0.387" /><testcase classname="tests.test_iter25_gmail_oauth_regression.TestGmailCallback" name="test_callback_error_surfaces_reason" time="0.094" /><testcase classname="tests.test_iter25_gmail_oauth_regression.TestGmailCallback" name="test_callback_bad_state_redirects_badstate" time="0.107" /><testcase classname="tests.test_iter25_gmail_oauth_regression.TestOauthlibScopeRelaxation" name="test_oauthlib_env_flags_set_on_import" time="0.297" /><testcase classname="tests.test_iter25_gmail_oauth_regression.TestRBACRegression" name="test_admin_login_permissions" time="0.051" /><testcase classname="tests.test_iter25_gmail_oauth_regression.TestRBACRegression" name="test_role_permissions_matrix" time="0.054" /><testcase classname="tests.test_iter25_gmail_oauth_regression.TestRBACRegression" name="test_caller_forbidden_pivot" time="0.440" /><testcase classname="tests.test_iter25_gmail_oauth_regression.TestRBACRegression" name="test_caller_forbidden_export_leads" time="0.059" /><testcase classname="tests.test_iter25_gmail_oauth_regression.TestFollowupsRegression" name="test_followups_crud" time="0.449" /><testcase classname="tests.test_iter25_gmail_oauth_regression.TestCoreEndpoints" name="test_leads_list" time="0.215" /><testcase classname="tests.test_iter25_gmail_oauth_regression.TestCoreEndpoints" name="test_admin_settings" time="0.049" /></testsuite></testsuites>