<?xml version="1.0" encoding="utf-8"?><testsuites name="pytest tests"><testsuite name="pytest" errors="0" failures="0" skipped="0" tests="7" time="2.893" timestamp="2026-07-16T18:39:35.986754+00:00" hostname="agent-env-f94b114c-0aa0-4f48-98c3-f4594f0c04db"><testcase classname="backend.tests.test_iter56_webhook_dupes_source.TestOdooRemoval" name="test_migration_status_404" time="0.715" /><testcase classname="backend.tests.test_iter56_webhook_dupes_source.TestOdooRemoval" name="test_sync_status_404" time="0.055" /><testcase classname="backend.tests.test_iter56_webhook_dupes_source.TestOdooRemoval" name="test_admin_settings_200" time="0.061" /><testcase classname="backend.tests.test_iter56_webhook_dupes_source.TestOdooRemoval" name="test_admin_automations_200" time="0.073" /><testcase classname="backend.tests.test_iter56_webhook_dupes_source.TestWebhookDedupe" name="test_dedupe" time="1.616" /><testcase classname="backend.tests.test_iter56_webhook_dupes_source.TestDupScanSourceFilter" name="test_scan_source_scoped" time="0.161" /><testcase classname="backend.tests.test_iter56_webhook_dupes_source.TestDupScanSourceFilter" name="test_scan_all_sources" time="0.110" /></testsuite></testsuites>