<?xml version="1.0" encoding="utf-8"?><testsuites name="pytest tests"><testsuite name="pytest" errors="0" failures="0" skipped="0" tests="22" time="7.590" timestamp="2026-07-10T19:48:42.211829+00:00" hostname="agent-env-7138c0ff-c308-40e8-9c9f-3afecde64cef"><testcase classname="backend.tests.test_iter50_pipeline_search_conversion" name="test_bucket_pipeline_fast" time="0.621" /><testcase classname="backend.tests.test_iter50_pipeline_search_conversion" name="test_bucket_ozonetel" time="0.112" /><testcase classname="backend.tests.test_iter50_pipeline_search_conversion" name="test_search_phone_exact" time="0.117" /><testcase classname="backend.tests.test_iter50_pipeline_search_conversion" name="test_search_phone_prefix" time="0.124" /><testcase classname="backend.tests.test_iter50_pipeline_search_conversion" name="test_search_name_prefix" time="0.297" /><testcase classname="backend.tests.test_iter50_pipeline_search_conversion" name="test_search_name_midword_no_match" time="0.931" /><testcase classname="backend.tests.test_iter50_pipeline_search_conversion" name="test_pipeline_pagination" time="0.345" /><testcase classname="backend.tests.test_iter50_pipeline_search_conversion" name="test_caller_scope" time="0.433" /><testcase classname="backend.tests.test_iter50_pipeline_search_conversion" name="test_filters_no_regression[params0]" time="0.149" /><testcase classname="backend.tests.test_iter50_pipeline_search_conversion" name="test_filters_no_regression[params1]" time="0.112" /><testcase classname="backend.tests.test_iter50_pipeline_search_conversion" name="test_webhook_conversion_page[page_url-https://homeivf.com/contact]" time="0.539" /><testcase classname="backend.tests.test_iter50_pipeline_search_conversion" name="test_webhook_conversion_page[page_name-IVF-Landing-Page]" time="0.557" /><testcase classname="backend.tests.test_iter50_pipeline_search_conversion" name="test_webhook_conversion_page[form_name-Enquiry-Form]" time="0.522" /><testcase classname="backend.tests.test_iter50_pipeline_search_conversion" name="test_report_created_ids" time="0.000" /><testcase classname="backend.tests.test_leads_perf" name="test_admin_default_page1" time="0.481" /><testcase classname="backend.tests.test_leads_perf" name="test_admin_pagination" time="0.343" /><testcase classname="backend.tests.test_leads_perf" name="test_admin_filters[params0]" time="0.127" /><testcase classname="backend.tests.test_leads_perf" name="test_admin_filters[params1]" time="0.118" /><testcase classname="backend.tests.test_leads_perf" name="test_admin_filters[params2]" time="0.403" /><testcase classname="backend.tests.test_leads_perf" name="test_admin_sort_name_asc" time="0.662" /><testcase classname="backend.tests.test_leads_perf" name="test_admin_sort_createdate_desc" time="0.139" /><testcase classname="backend.tests.test_leads_perf" name="test_caller_scoped" time="0.426" /></testsuite></testsuites>