<?xml version="1.0" encoding="utf-8"?><testsuites name="pytest tests"><testsuite name="pytest" errors="0" failures="0" skipped="0" tests="8" time="1.491" timestamp="2026-07-07T13:44:26.301466+00:00" hostname="agent-env-b4f6df83-e2ed-4d7d-881d-59a71d9416f6"><testcase classname="backend.tests.test_iter32_wa_2way.TestWebhookAutoCreate" name="test_bad_signature_rejected" time="0.262" /><testcase classname="backend.tests.test_iter32_wa_2way.TestWebhookAutoCreate" name="test_inbound_new_number_creates_channel" time="0.213" /><testcase classname="backend.tests.test_iter32_wa_2way.TestWebhookAutoCreate" name="test_inbound_same_number_reuses_channel" time="0.136" /><testcase classname="backend.tests.test_iter32_wa_2way.TestWebhookExistingThread" name="test_inbound_existing_channel_appends" time="0.134" /><testcase classname="backend.tests.test_iter32_wa_2way.TestReplyEndpoint" name="test_reply_not_configured_returns_queued" time="0.436" /><testcase classname="backend.tests.test_iter32_wa_2way.TestReplyEndpoint" name="test_reply_channel_not_found" time="0.054" /><testcase classname="backend.tests.test_iter32_wa_2way.TestListingIntegration" name="test_new_channel_appears_in_list" time="0.080" /><testcase classname="backend.tests.test_iter32_wa_2way.TestListingIntegration" name="test_messages_endpoint_returns_inbound" time="0.069" /></testsuite></testsuites>