<?xml version="1.0" encoding="utf-8"?><testsuites name="pytest tests"><testsuite name="pytest" errors="0" failures="0" skipped="0" tests="7" time="1.562" timestamp="2026-07-07T13:18:15.653173+00:00" hostname="agent-env-b4f6df83-e2ed-4d7d-881d-59a71d9416f6"><testcase classname="backend.tests.test_iter31_new_features.TestGmailPKCE" name="test_auth_url_stores_code_verifier" time="0.474" /><testcase classname="backend.tests.test_iter31_new_features.TestGmailPKCE" name="test_callback_bad_code_redirects_not_500" time="0.106" /><testcase classname="backend.tests.test_iter31_new_features.TestFieldOptions" name="test_lead_field_options" time="0.057" /><testcase classname="backend.tests.test_iter31_new_features.TestWebhookStatusLifecycle" name="test_sent_to_delivered" time="0.302" /><testcase classname="backend.tests.test_iter31_new_features.TestWebhookStatusLifecycle" name="test_delivered_to_read" time="0.192" /><testcase classname="backend.tests.test_iter31_new_features.TestWebhookStatusLifecycle" name="test_bad_signature_401" time="0.141" /><testcase classname="backend.tests.test_iter31_new_features.TestQuickReplyAutomation" name="test_quick_reply_triggers_automation_and_marks_replied" time="0.187" /></testsuite></testsuites>