<?xml version="1.0" encoding="utf-8"?><testsuites name="pytest tests"><testsuite name="pytest" errors="0" failures="0" skipped="0" tests="13" time="2.754" timestamp="2026-07-25T12:04:36.488043+00:00" hostname="agent-env-5bff21e0-aaa6-4b85-9e37-ea9e74c7692b"><testcase classname="backend.tests.test_iter75_whatsapp_hardening" name="test_admin_channels_variants[params0-default]" time="0.568" /><testcase classname="backend.tests.test_iter75_whatsapp_hardening" name="test_admin_channels_variants[params1-unread]" time="0.136" /><testcase classname="backend.tests.test_iter75_whatsapp_hardening" name="test_admin_channels_variants[params2-interested]" time="0.147" /><testcase classname="backend.tests.test_iter75_whatsapp_hardening" name="test_admin_channels_variants[params3-page1]" time="0.137" /><testcase classname="backend.tests.test_iter75_whatsapp_hardening" name="test_admin_channels_variants[params4-page2]" time="0.103" /><testcase classname="backend.tests.test_iter75_whatsapp_hardening" name="test_admin_channels_search" time="0.120" /><testcase classname="backend.tests.test_iter75_whatsapp_hardening" name="test_channel_messages_flow" time="0.398" /><testcase classname="backend.tests.test_iter75_whatsapp_hardening" name="test_unread_summary_admin" time="0.092" /><testcase classname="backend.tests.test_iter75_whatsapp_hardening" name="test_unread_summary_caller" time="0.447" /><testcase classname="backend.tests.test_iter75_whatsapp_hardening" name="test_caller_channels_scoped_to_own" time="0.198" /><testcase classname="backend.tests.test_iter75_whatsapp_hardening" name="test_admin_sees_more_than_caller" time="0.193" /><testcase classname="backend.tests.test_iter75_whatsapp_hardening" name="test_calls_active_regression" time="0.096" /><testcase classname="backend.tests.test_iter75_whatsapp_hardening" name="test_followup_reminders_regression" time="0.097" /></testsuite></testsuites>