<?xml version="1.0" encoding="utf-8"?><testsuites name="pytest tests"><testsuite name="pytest" errors="0" failures="0" skipped="0" tests="16" time="2.093" timestamp="2026-07-17T06:47:36.306911+00:00" hostname="agent-env-f94b114c-0aa0-4f48-98c3-f4594f0c04db"><testcase classname="backend.tests.test_iter58_record_access" name="test_caller_list_is_not_owner_scoped" time="0.499" /><testcase classname="backend.tests.test_iter58_record_access" name="test_caller_can_view_foreign_lead" time="0.420" /><testcase classname="backend.tests.test_iter58_record_access" name="test_caller_denied_on_foreign_lead[PATCH-/leads/{id}-body0]" time="0.043" /><testcase classname="backend.tests.test_iter58_record_access" name="test_caller_denied_on_foreign_lead[POST-/leads/{id}/lost-body1]" time="0.043" /><testcase classname="backend.tests.test_iter58_record_access" name="test_caller_denied_on_foreign_lead[POST-/leads/{id}/promote-to-pipeline-body2]" time="0.047" /><testcase classname="backend.tests.test_iter58_record_access" name="test_caller_denied_on_foreign_lead[POST-/leads/{id}/send_whatsapp-body3]" time="0.046" /><testcase classname="backend.tests.test_iter58_record_access" name="test_caller_denied_on_foreign_lead[POST-/leads/{id}/send_email-body4]" time="0.046" /><testcase classname="backend.tests.test_iter58_record_access" name="test_caller_denied_on_foreign_lead[POST-/leads/{id}/followups-body5]" time="0.045" /><testcase classname="backend.tests.test_iter58_record_access" name="test_caller_denied_on_foreign_lead[POST-/leads/{id}/caller-activities-body6]" time="0.046" /><testcase classname="backend.tests.test_iter58_record_access" name="test_caller_denied_on_foreign_lead[POST-/leads/{id}/messages-body7]" time="0.045" /><testcase classname="backend.tests.test_iter58_record_access" name="test_caller_denied_on_dial_foreign" time="0.047" /><testcase classname="backend.tests.test_iter58_record_access" name="test_caller_can_edit_after_assignment" time="0.309" /><testcase classname="backend.tests.test_iter58_record_access" name="test_admin_can_edit_any_lead" time="0.060" /><testcase classname="backend.tests.test_iter58_record_access" name="test_duplicate_filter_returns_only_duplicates" time="0.164" /><testcase classname="backend.tests.test_iter58_record_access" name="test_duplicate_filter_ignores_active" time="0.106" /><testcase classname="backend.tests.test_iter58_record_access" name="test_caller_can_see_duplicate_filter" time="0.105" /></testsuite></testsuites>