<?xml version="1.0" encoding="utf-8"?><testsuites name="pytest tests"><testsuite name="pytest" errors="0" failures="0" skipped="0" tests="35" time="10.072" timestamp="2026-07-25T14:07:06.006882+00:00" hostname="agent-env-5bff21e0-aaa6-4b85-9e37-ea9e74c7692b"><testcase classname="backend.tests.test_iter79_leads_perf_and_merge.TestLeadsDefault" name="test_default_list_fast" time="0.453" /><testcase classname="backend.tests.test_iter79_leads_perf_and_merge.TestLeadsDefault" name="test_scope_all_returns_real_total" time="0.098" /><testcase classname="backend.tests.test_iter79_leads_perf_and_merge.TestLeadsSort" name="test_sort_index[desc-create_date]" time="0.095" /><testcase classname="backend.tests.test_iter79_leads_perf_and_merge.TestLeadsSort" name="test_sort_index[desc-lead_stage]" time="0.194" /><testcase classname="backend.tests.test_iter79_leads_perf_and_merge.TestLeadsSort" name="test_sort_index[desc-user_id]" time="0.175" /><testcase classname="backend.tests.test_iter79_leads_perf_and_merge.TestLeadsSort" name="test_sort_index[desc-follow_up_date]" time="0.210" /><testcase classname="backend.tests.test_iter79_leads_perf_and_merge.TestLeadsSort" name="test_sort_index[desc-phone]" time="0.158" /><testcase classname="backend.tests.test_iter79_leads_perf_and_merge.TestLeadsSort" name="test_sort_index[asc-create_date]" time="0.168" /><testcase classname="backend.tests.test_iter79_leads_perf_and_merge.TestLeadsSort" name="test_sort_index[asc-lead_stage]" time="0.181" /><testcase classname="backend.tests.test_iter79_leads_perf_and_merge.TestLeadsSort" name="test_sort_index[asc-user_id]" time="0.170" /><testcase classname="backend.tests.test_iter79_leads_perf_and_merge.TestLeadsSort" name="test_sort_index[asc-follow_up_date]" time="0.201" /><testcase classname="backend.tests.test_iter79_leads_perf_and_merge.TestLeadsSort" name="test_sort_index[asc-phone]" time="0.165" /><testcase classname="backend.tests.test_iter79_leads_perf_and_merge.TestLeadsSort" name="test_sort_heavy_accepts_504_fastfail[contact_name]" time="0.189" /><testcase classname="backend.tests.test_iter79_leads_perf_and_merge.TestLeadsSort" name="test_sort_heavy_accepts_504_fastfail[city]" time="0.170" /><testcase classname="backend.tests.test_iter79_leads_perf_and_merge.TestLeadsFilters" name="test_lead_stage_contacted" time="0.098" /><testcase classname="backend.tests.test_iter79_leads_perf_and_merge.TestLeadsFilters" name="test_date_range_on_create_dt" time="0.100" /><testcase classname="backend.tests.test_iter79_leads_perf_and_merge.TestLeadsFilters" name="test_follow_up[today]" time="0.121" /><testcase classname="backend.tests.test_iter79_leads_perf_and_merge.TestLeadsFilters" name="test_follow_up[overdue]" time="0.095" /><testcase classname="backend.tests.test_iter79_leads_perf_and_merge.TestLeadsFilters" name="test_follow_up[upcoming]" time="0.097" /><testcase classname="backend.tests.test_iter79_leads_perf_and_merge.TestLeadsFilters" name="test_search_phone" time="0.105" /><testcase classname="backend.tests.test_iter79_leads_perf_and_merge.TestLeadsFilters" name="test_search_name" time="0.094" /><testcase classname="backend.tests.test_iter79_leads_perf_and_merge.TestBuckets" name="test_bucket_pipeline_default" time="0.099" /><testcase classname="backend.tests.test_iter79_leads_perf_and_merge.TestBuckets" name="test_bucket_ozonetel" time="0.110" /><testcase classname="backend.tests.test_iter79_leads_perf_and_merge.TestCallerScope" name="test_caller11_default_is_own_book" time="0.445" /><testcase classname="backend.tests.test_iter79_leads_perf_and_merge.TestCallerScope" name="test_caller11_scope_all" time="0.102" /><testcase classname="backend.tests.test_iter79_leads_perf_and_merge.TestCallerScope" name="test_caller16_default" time="0.419" /><testcase classname="backend.tests.test_iter79_leads_perf_and_merge.TestGroupCounts" name="test_group_counts[lead_stage]" time="0.187" /><testcase classname="backend.tests.test_iter79_leads_perf_and_merge.TestGroupCounts" name="test_group_counts[source_lead]" time="0.202" /><testcase classname="backend.tests.test_iter79_leads_perf_and_merge.TestGroupCounts" name="test_group_counts[user_id]" time="0.186" /><testcase classname="backend.tests.test_iter79_leads_perf_and_merge.TestReports" name="test_dashboard_admin" time="0.109" /><testcase classname="backend.tests.test_iter79_leads_perf_and_merge.TestReports" name="test_dashboard_caller" time="0.094" /><testcase classname="backend.tests.test_iter79_leads_perf_and_merge.TestReports" name="test_kpi_overview" time="0.096" /><testcase classname="backend.tests.test_iter79_leads_perf_and_merge.TestLeadDetailUpdate" name="test_detail_and_update" time="0.471" /><testcase classname="backend.tests.test_iter79_leads_perf_and_merge.TestSameDayMerge" name="test_same_day_merge_and_diff_phone" time="2.183" /><testcase classname="backend.tests.test_iter79_leads_perf_and_merge.TestFacebookTestLead" name="test_fb_test_lead_always_creates" time="1.997" /></testsuite></testsuites>