<?xml version="1.0" encoding="utf-8"?><testsuites name="pytest tests"><testsuite name="pytest" errors="0" failures="0" skipped="0" tests="9" time="6.276" timestamp="2026-07-03T11:07:54.418123+00:00" hostname="agent-env-5c0f59a5-4b5e-4761-ad29-a9eab031176c"><testcase classname="backend.tests.test_iter20_fb_roundrobin_assignment" name="test_fb_test_lead_gets_assigned_to_active_caller" time="0.419" /><testcase classname="backend.tests.test_iter20_fb_roundrobin_assignment" name="test_roundrobin_across_three_leads" time="0.470" /><testcase classname="backend.tests.test_iter20_fb_roundrobin_assignment" name="test_fb_lead_fields_and_appears_in_default_leads_list" time="0.609" /><testcase classname="backend.tests.test_iter20_fb_roundrobin_assignment" name="test_assigned_caller_sees_lead_via_user_id_filter" time="0.445" /><testcase classname="backend.tests.test_iter20_fb_roundrobin_assignment" name="test_recent_leads_shows_caller_name_not_unassigned" time="0.610" /><testcase classname="backend.tests.test_iter20_fb_roundrobin_assignment" name="test_diagnose_regression" time="2.159" /><testcase classname="backend.tests.test_iter20_fb_roundrobin_assignment" name="test_webhook_log_auth" time="0.496" /><testcase classname="backend.tests.test_iter20_fb_roundrobin_assignment" name="test_invalid_signature_webhook_rejected_and_logged" time="0.457" /><testcase classname="backend.tests.test_iter20_fb_roundrobin_assignment" name="test_source_lead_catalog_has_meta_lead_ads" time="0.594" /></testsuite></testsuites>