<?xml version="1.0" encoding="utf-8"?><testsuites name="pytest tests"><testsuite name="pytest" errors="0" failures="0" skipped="0" tests="5" time="7.511" timestamp="2026-07-09T23:05:34.317785+00:00" hostname="agent-env-d15d8399-33ec-4021-9a6b-fd51e22dc88d"><testcase classname="backend.tests.test_ai_insights" name="test_analytics_ok" time="1.399" /><testcase classname="backend.tests.test_ai_insights" name="test_brain_number_question" time="3.808" /><testcase classname="backend.tests.test_ai_insights" name="test_brain_top_callers" time="1.837" /><testcase classname="backend.tests.test_ai_insights" name="test_brain_history" time="0.047" /><testcase classname="backend.tests.test_ai_insights" name="test_brain_requires_reports_perm" time="0.393" /></testsuite></testsuites>