<?xml version="1.0" encoding="utf-8"?><testsuites name="pytest tests"><testsuite name="pytest" errors="0" failures="1" skipped="0" tests="11" time="5.130" timestamp="2026-07-06T20:57:28.369028+00:00" hostname="agent-env-d8354e50-fc5d-49e3-8b01-d1cc877cf241"><testcase classname="backend.tests.test_iter27_cases_2_3_4.TestCase2Buckets" name="test_ozonetel_bucket_contains_500155" time="0.839" /><testcase classname="backend.tests.test_iter27_cases_2_3_4.TestCase2Buckets" name="test_pipeline_bucket_excludes_500155" time="0.417" /><testcase classname="backend.tests.test_iter27_cases_2_3_4.TestCase2Buckets" name="test_pipeline_bucket_includes_promoted" time="0.646" /><testcase classname="backend.tests.test_iter27_cases_2_3_4.TestCase2Promote" name="test_promote_500155_moves_to_pipeline" time="0.497" /><testcase classname="backend.tests.test_iter27_cases_2_3_4.TestCase2Dedup" name="test_dedup_merge_when_phone_matches_existing_pipeline" time="0.562"><failure message="AssertionError: expected merged_into=500159, got {'ok': True, 'merged_into': 500157}&#10;assert 500157 == 500159&#10; +  where 500157 = &lt;built-in method get of dict object at 0xfb64076f9bc0&gt;('merged_into')&#10; +    where &lt;built-in method get of dict object at 0xfb64076f9bc0&gt; = {'merged_into': 500157, 'ok': True}.get">backend/tests/test_iter27_cases_2_3_4.py:145: in test_dedup_merge_when_phone_matches_existing_pipeline
    assert j.get("merged_into") == pipe_id, f"expected merged_into={pipe_id}, got {j}"
E   AssertionError: expected merged_into=500159, got {'ok': True, 'merged_into': 500157}
E   assert 500157 == 500159
E    +  where 500157 = &lt;built-in method get of dict object at 0xfb64076f9bc0&gt;('merged_into')
E    +    where &lt;built-in method get of dict object at 0xfb64076f9bc0&gt; = {'merged_into': 500157, 'ok': True}.get</failure></testcase><testcase classname="backend.tests.test_iter27_cases_2_3_4.TestCase3AutomationPreviewData" name="test_wa_templates_have_body" time="0.051" /><testcase classname="backend.tests.test_iter27_cases_2_3_4.TestCase3AutomationPreviewData" name="test_email_templates_have_body" time="0.343" /><testcase classname="backend.tests.test_iter27_cases_2_3_4.TestCase4WaLeadPanel" name="test_send_wa_and_lead_messages_endpoint" time="0.504" /><testcase classname="backend.tests.test_iter27_cases_2_3_4.TestRegression" name="test_pipeline_list_search" time="0.440" /><testcase classname="backend.tests.test_iter27_cases_2_3_4.TestRegression" name="test_reports_403_for_caller" time="0.398" /><testcase classname="backend.tests.test_iter27_cases_2_3_4.TestRegression" name="test_followups_crud" time="0.360" /></testsuite></testsuites>