<?xml version="1.0" encoding="utf-8"?><testsuites name="pytest tests"><testsuite name="pytest" errors="0" failures="0" skipped="0" tests="16" time="5.254" timestamp="2026-07-07T18:39:08.004346+00:00" hostname="agent-env-b4f6df83-e2ed-4d7d-881d-59a71d9416f6"><testcase classname="backend.tests.test_iter33_wa_workspace.TestGmailSenderName" name="test_set_sender_name" time="0.509" /><testcase classname="backend.tests.test_iter33_wa_workspace.TestGmailSenderName" name="test_status_reflects_sender_name" time="0.051" /><testcase classname="backend.tests.test_iter33_wa_workspace.TestGmailSenderName" name="test_empty_defaults_to_homeivf" time="0.048" /><testcase classname="backend.tests.test_iter33_wa_workspace.TestChannelsListing" name="test_list_default" time="0.051" /><testcase classname="backend.tests.test_iter33_wa_workspace.TestChannelsListing" name="test_unread_filter_only_unread" time="0.059" /><testcase classname="backend.tests.test_iter33_wa_workspace.TestChannelsListing" name="test_interested_filter" time="0.057" /><testcase classname="backend.tests.test_iter33_wa_workspace.TestChannelsListing" name="test_unread_summary_shape" time="0.062" /><testcase classname="backend.tests.test_iter33_wa_workspace.TestUnreadLifecycle" name="test_inbound_increments_unread_and_read_resets" time="0.538" /><testcase classname="backend.tests.test_iter33_wa_workspace.TestUnreadLifecycle" name="test_bad_hmac_rejected" time="0.107" /><testcase classname="backend.tests.test_iter33_wa_workspace.TestMessageActions" name="test_search_star_pin_react" time="0.874" /><testcase classname="backend.tests.test_iter33_wa_workspace.TestInterestedCategory" name="test_set_interested_tags_lead" time="0.154" /><testcase classname="backend.tests.test_iter33_wa_workspace.TestInterestedCategory" name="test_unset_category" time="0.049" /><testcase classname="backend.tests.test_iter33_wa_workspace.TestSendReply" name="test_send_with_reply_snippet" time="0.708" /><testcase classname="backend.tests.test_iter33_wa_workspace.TestMediaUpload" name="test_media_upload_and_serve_auth" time="1.428" /><testcase classname="backend.tests.test_iter33_wa_workspace.TestInboundReactionWebhook" name="test_reaction_attaches_no_chat_line" time="0.323" /><testcase classname="backend.tests.test_iter33_wa_workspace.TestInboundReactionWebhook" name="test_reaction_bad_hmac_401" time="0.172" /></testsuite></testsuites>