<?xml version="1.0" encoding="utf-8"?><testsuites name="pytest tests"><testsuite name="pytest" errors="0" failures="0" skipped="0" tests="8" time="2.670" timestamp="2026-07-10T11:38:55.925106+00:00" hostname="agent-env-7138c0ff-c308-40e8-9c9f-3afecde64cef"><testcase classname="backend.tests.test_leads_perf" name="test_admin_default_page1" time="0.647" /><testcase classname="backend.tests.test_leads_perf" name="test_admin_pagination" time="0.303" /><testcase classname="backend.tests.test_leads_perf" name="test_admin_filters[params0]" time="0.165" /><testcase classname="backend.tests.test_leads_perf" name="test_admin_filters[params1]" time="0.112" /><testcase classname="backend.tests.test_leads_perf" name="test_admin_filters[params2]" time="0.248" /><testcase classname="backend.tests.test_leads_perf" name="test_admin_sort_name_asc" time="0.588" /><testcase classname="backend.tests.test_leads_perf" name="test_admin_sort_createdate_desc" time="0.157" /><testcase classname="backend.tests.test_leads_perf" name="test_caller_scoped" time="0.423" /></testsuite></testsuites>