<?xml version="1.0" encoding="utf-8"?><testsuites name="pytest tests"><testsuite name="pytest" errors="0" failures="0" skipped="0" tests="4" time="1.329" timestamp="2026-07-02T14:12:54.324619+00:00" hostname="agent-env-5c0f59a5-4b5e-4761-ad29-a9eab031176c"><testcase classname="backend.tests.test_source_lead_seed" name="test_catalogs_includes_meta_lead_ads" time="0.623" /><testcase classname="backend.tests.test_source_lead_seed" name="test_catalogs_preserves_existing_sources" time="0.109" /><testcase classname="backend.tests.test_source_lead_seed" name="test_no_duplicate_meta_lead_ads" time="0.149" /><testcase classname="backend.tests.test_source_lead_seed" name="test_create_source_lead_catalog_still_works" time="0.421" /></testsuite></testsuites>