<?xml version="1.0" encoding="utf-8"?><testsuites name="pytest tests"><testsuite name="pytest" errors="0" failures="0" skipped="0" tests="32" time="6.798" timestamp="2026-06-11T12:30:59.496928+00:00" hostname="agent-env-e2b2dfa6-3d43-43cf-bb96-b2cd915d11ba"><testcase classname="tests.test_homeivf_api" name="test_health" time="0.125" /><testcase classname="tests.test_homeivf_api" name="test_login_wrong_password" time="0.320" /><testcase classname="tests.test_homeivf_api" name="test_login_admin_success_and_cookies" time="0.336" /><testcase classname="tests.test_homeivf_api" name="test_auth_me" time="0.378" /><testcase classname="tests.test_homeivf_api" name="test_auth_me_unauth" time="0.101" /><testcase classname="tests.test_homeivf_api" name="test_leads_list_admin_sees_all" time="0.211" /><testcase classname="tests.test_homeivf_api" name="test_leads_pagination" time="0.416" /><testcase classname="tests.test_homeivf_api" name="test_leads_filter_lead_stage_converted" time="0.076" /><testcase classname="tests.test_homeivf_api" name="test_leads_filter_lost" time="0.048" /><testcase classname="tests.test_homeivf_api" name="test_leads_search_by_name" time="0.323" /><testcase classname="tests.test_homeivf_api" name="test_leads_search_by_phone" time="0.474" /><testcase classname="tests.test_homeivf_api" name="test_group_counts_lead_stage" time="0.184" /><testcase classname="tests.test_homeivf_api" name="test_group_counts_tags" time="0.228" /><testcase classname="tests.test_homeivf_api" name="test_group_counts_user" time="0.211" /><testcase classname="tests.test_homeivf_api" name="test_create_lead_persisted_and_retrievable" time="0.428" /><testcase classname="tests.test_homeivf_api" name="test_update_lead_stage_and_chatter_logs" time="0.150" /><testcase classname="tests.test_homeivf_api" name="test_mark_lost_and_restore" time="0.216" /><testcase classname="tests.test_homeivf_api" name="test_bulk_assign" time="0.148" /><testcase classname="tests.test_homeivf_api" name="test_post_note_appears" time="0.097" /><testcase classname="tests.test_homeivf_api" name="test_schedule_and_mark_done_activity" time="0.104" /><testcase classname="tests.test_homeivf_api" name="test_reports_dashboard" time="0.466" /><testcase classname="tests.test_homeivf_api" name="test_reports_pivot" time="0.230" /><testcase classname="tests.test_homeivf_api" name="test_catalogs_lead_stage" time="0.050" /><testcase classname="tests.test_homeivf_api" name="test_catalogs_tag_list" time="0.063" /><testcase classname="tests.test_homeivf_api" name="test_catalog_create_tag" time="0.047" /><testcase classname="tests.test_homeivf_api" name="test_templates_list_whatsapp" time="0.053" /><testcase classname="tests.test_homeivf_api" name="test_templates_list_email" time="0.084" /><testcase classname="tests.test_homeivf_api" name="test_whatsapp_channels_list" time="0.055" /><testcase classname="tests.test_homeivf_api" name="test_admin_users_list" time="0.047" /><testcase classname="tests.test_homeivf_api" name="test_webhook_create_and_post_creates_lead" time="0.285" /><testcase classname="tests.test_homeivf_api" name="test_caller_sees_only_own_leads" time="0.730" /><testcase classname="tests.test_homeivf_api" name="test_caller_cannot_bulk" time="0.050" /></testsuite></testsuites>