<?xml version="1.0" encoding="utf-8"?><testsuites name="pytest tests"><testsuite name="pytest" errors="0" failures="0" skipped="0" tests="4" time="30.059" timestamp="2026-07-09T13:02:53.331594+00:00" hostname="agent-env-fa65f2c0-48a9-45e5-a3b3-c4d313d438a7"><testcase classname="backend.tests.test_sync_migration" name="test_sync_start_admin_ok_and_completes" time="15.037" /><testcase classname="backend.tests.test_sync_migration" name="test_sync_status_reflects_last_run" time="2.459" /><testcase classname="backend.tests.test_sync_migration" name="test_sync_start_forbidden_for_agent" time="0.389" /><testcase classname="backend.tests.test_sync_migration" name="test_migration_audit_returns_rows" time="12.152" /></testsuite></testsuites>